{"total": {"lines":{"total":1120,"covered":1102,"skipped":0,"pct":98.39},"statements":{"total":1120,"covered":1102,"skipped":0,"pct":98.39},"functions":{"total":56,"covered":56,"skipped":0,"pct":100},"branches":{"total":150,"covered":107,"skipped":0,"pct":71.33},"branchesTrue":{"total":0,"covered":0,"skipped":0,"pct":100}}
,"C:\\nodejs\\spiget-api\\src\\class\\APIClient.ts": {"lines":{"total":143,"covered":137,"skipped":0,"pct":95.8},"functions":{"total":6,"covered":6,"skipped":0,"pct":100},"statements":{"total":143,"covered":137,"skipped":0,"pct":95.8},"branches":{"total":20,"covered":18,"skipped":0,"pct":90}}
,"C:\\nodejs\\spiget-api\\src\\class\\Author.ts": {"lines":{"total":141,"covered":141,"skipped":0,"pct":100},"functions":{"total":7,"covered":7,"skipped":0,"pct":100},"statements":{"total":141,"covered":141,"skipped":0,"pct":100},"branches":{"total":21,"covered":17,"skipped":0,"pct":80.95}}
,"C:\\nodejs\\spiget-api\\src\\class\\Category.ts": {"lines":{"total":72,"covered":72,"skipped":0,"pct":100},"functions":{"total":4,"covered":4,"skipped":0,"pct":100},"statements":{"total":72,"covered":72,"skipped":0,"pct":100},"branches":{"total":11,"covered":8,"skipped":0,"pct":72.72}}
,"C:\\nodejs\\spiget-api\\src\\class\\Resource.ts": {"lines":{"total":327,"covered":327,"skipped":0,"pct":100},"functions":{"total":17,"covered":17,"skipped":0,"pct":100},"statements":{"total":327,"covered":327,"skipped":0,"pct":100},"branches":{"total":39,"covered":30,"skipped":0,"pct":76.92}}
,"C:\\nodejs\\spiget-api\\src\\class\\SpigetAPI.ts": {"lines":{"total":53,"covered":53,"skipped":0,"pct":100},"functions":{"total":7,"covered":7,"skipped":0,"pct":100},"statements":{"total":53,"covered":53,"skipped":0,"pct":100},"branches":{"total":7,"covered":7,"skipped":0,"pct":100}}
,"C:\\nodejs\\spiget-api\\src\\class\\api\\Author.ts": {"lines":{"total":78,"covered":78,"skipped":0,"pct":100},"functions":{"total":4,"covered":4,"skipped":0,"pct":100},"statements":{"total":78,"covered":78,"skipped":0,"pct":100},"branches":{"total":8,"covered":4,"skipped":0,"pct":50}}
,"C:\\nodejs\\spiget-api\\src\\class\\api\\Category.ts": {"lines":{"total":59,"covered":59,"skipped":0,"pct":100},"functions":{"total":3,"covered":3,"skipped":0,"pct":100},"statements":{"total":59,"covered":59,"skipped":0,"pct":100},"branches":{"total":6,"covered":3,"skipped":0,"pct":50}}
,"C:\\nodejs\\spiget-api\\src\\class\\api\\Resource.ts": {"lines":{"total":247,"covered":235,"skipped":0,"pct":95.14},"functions":{"total":8,"covered":8,"skipped":0,"pct":100},"statements":{"total":247,"covered":235,"skipped":0,"pct":95.14},"branches":{"total":38,"covered":20,"skipped":0,"pct":52.63}}
}
