{"C:\\nodejs\\spiget-api\\src\\class\\APIClient.ts": {"path":"C:\\nodejs\\spiget-api\\src\\class\\APIClient.ts","all":false,"statementMap":{"0":{"start":{"line":1,"column":0},"end":{"line":1,"column":69}},"1":{"start":{"line":2,"column":0},"end":{"line":2,"column":0}},"2":{"start":{"line":3,"column":0},"end":{"line":3,"column":23}},"3":{"start":{"line":4,"column":0},"end":{"line":4,"column":0}},"4":{"start":{"line":5,"column":0},"end":{"line":5,"column":17}},"5":{"start":{"line":6,"column":0},"end":{"line":6,"column":0}},"6":{"start":{"line":7,"column":0},"end":{"line":7,"column":31}},"7":{"start":{"line":8,"column":0},"end":{"line":8,"column":0}},"8":{"start":{"line":9,"column":0},"end":{"line":9,"column":25}},"9":{"start":{"line":10,"column":0},"end":{"line":10,"column":0}},"10":{"start":{"line":11,"column":0},"end":{"line":11,"column":5}},"11":{"start":{"line":12,"column":0},"end":{"line":12,"column":0}},"12":{"start":{"line":13,"column":0},"end":{"line":13,"column":1}},"13":{"start":{"line":14,"column":0},"end":{"line":14,"column":0}},"14":{"start":{"line":15,"column":0},"end":{"line":15,"column":65}},"15":{"start":{"line":16,"column":0},"end":{"line":16,"column":30}},"16":{"start":{"line":17,"column":0},"end":{"line":17,"column":1}},"17":{"start":{"line":18,"column":0},"end":{"line":18,"column":0}},"18":{"start":{"line":19,"column":0},"end":{"line":19,"column":24}},"19":{"start":{"line":20,"column":0},"end":{"line":20,"column":0}},"20":{"start":{"line":21,"column":0},"end":{"line":21,"column":30}},"21":{"start":{"line":22,"column":0},"end":{"line":22,"column":45}},"22":{"start":{"line":23,"column":0},"end":{"line":23,"column":52}},"23":{"start":{"line":24,"column":0},"end":{"line":24,"column":7}},"24":{"start":{"line":25,"column":0},"end":{"line":25,"column":0}},"25":{"start":{"line":26,"column":0},"end":{"line":26,"column":49}},"26":{"start":{"line":27,"column":0},"end":{"line":27,"column":0}},"27":{"start":{"line":28,"column":0},"end":{"line":28,"column":35}},"28":{"start":{"line":29,"column":0},"end":{"line":29,"column":22}},"29":{"start":{"line":30,"column":0},"end":{"line":30,"column":56}},"30":{"start":{"line":31,"column":0},"end":{"line":31,"column":85}},"31":{"start":{"line":32,"column":0},"end":{"line":32,"column":14}},"32":{"start":{"line":33,"column":0},"end":{"line":33,"column":45}},"33":{"start":{"line":34,"column":0},"end":{"line":34,"column":10}},"34":{"start":{"line":35,"column":0},"end":{"line":35,"column":0}},"35":{"start":{"line":36,"column":0},"end":{"line":36,"column":32}},"36":{"start":{"line":37,"column":0},"end":{"line":37,"column":0}},"37":{"start":{"line":38,"column":0},"end":{"line":38,"column":43}},"38":{"start":{"line":39,"column":0},"end":{"line":39,"column":0}},"39":{"start":{"line":40,"column":0},"end":{"line":40,"column":29}},"40":{"start":{"line":41,"column":0},"end":{"line":41,"column":33}},"41":{"start":{"line":42,"column":0},"end":{"line":42,"column":29}},"42":{"start":{"line":43,"column":0},"end":{"line":43,"column":32}},"43":{"start":{"line":44,"column":0},"end":{"line":44,"column":25}},"44":{"start":{"line":45,"column":0},"end":{"line":45,"column":0}},"45":{"start":{"line":46,"column":0},"end":{"line":46,"column":13}},"46":{"start":{"line":47,"column":0},"end":{"line":47,"column":35}},"47":{"start":{"line":48,"column":0},"end":{"line":48,"column":0}},"48":{"start":{"line":49,"column":0},"end":{"line":49,"column":48}},"49":{"start":{"line":50,"column":0},"end":{"line":50,"column":78}},"50":{"start":{"line":51,"column":0},"end":{"line":51,"column":33}},"51":{"start":{"line":52,"column":0},"end":{"line":52,"column":19}},"52":{"start":{"line":53,"column":0},"end":{"line":53,"column":4}},"53":{"start":{"line":54,"column":0},"end":{"line":54,"column":32}},"54":{"start":{"line":55,"column":0},"end":{"line":55,"column":4}},"55":{"start":{"line":56,"column":0},"end":{"line":56,"column":51}},"56":{"start":{"line":57,"column":0},"end":{"line":57,"column":33}},"57":{"start":{"line":58,"column":0},"end":{"line":58,"column":41}},"58":{"start":{"line":59,"column":0},"end":{"line":59,"column":55}},"59":{"start":{"line":60,"column":0},"end":{"line":60,"column":22}},"60":{"start":{"line":61,"column":0},"end":{"line":61,"column":17}},"61":{"start":{"line":62,"column":0},"end":{"line":62,"column":4}},"62":{"start":{"line":63,"column":0},"end":{"line":63,"column":33}},"63":{"start":{"line":64,"column":0},"end":{"line":64,"column":4}},"64":{"start":{"line":65,"column":0},"end":{"line":65,"column":20}},"65":{"start":{"line":66,"column":0},"end":{"line":66,"column":48}},"66":{"start":{"line":67,"column":0},"end":{"line":67,"column":75}},"67":{"start":{"line":68,"column":0},"end":{"line":68,"column":33}},"68":{"start":{"line":69,"column":0},"end":{"line":69,"column":19}},"69":{"start":{"line":70,"column":0},"end":{"line":70,"column":4}},"70":{"start":{"line":71,"column":0},"end":{"line":71,"column":32}},"71":{"start":{"line":72,"column":0},"end":{"line":72,"column":4}},"72":{"start":{"line":73,"column":0},"end":{"line":73,"column":51}},"73":{"start":{"line":74,"column":0},"end":{"line":74,"column":33}},"74":{"start":{"line":75,"column":0},"end":{"line":75,"column":41}},"75":{"start":{"line":76,"column":0},"end":{"line":76,"column":55}},"76":{"start":{"line":77,"column":0},"end":{"line":77,"column":22}},"77":{"start":{"line":78,"column":0},"end":{"line":78,"column":17}},"78":{"start":{"line":79,"column":0},"end":{"line":79,"column":4}},"79":{"start":{"line":80,"column":0},"end":{"line":80,"column":33}},"80":{"start":{"line":81,"column":0},"end":{"line":81,"column":13}},"81":{"start":{"line":82,"column":0},"end":{"line":82,"column":20}},"82":{"start":{"line":83,"column":0},"end":{"line":83,"column":29}},"83":{"start":{"line":84,"column":0},"end":{"line":84,"column":24}},"84":{"start":{"line":85,"column":0},"end":{"line":85,"column":9}},"85":{"start":{"line":86,"column":0},"end":{"line":86,"column":20}},"86":{"start":{"line":87,"column":0},"end":{"line":87,"column":0}},"87":{"start":{"line":88,"column":0},"end":{"line":88,"column":5}},"88":{"start":{"line":89,"column":0},"end":{"line":89,"column":0}},"89":{"start":{"line":90,"column":0},"end":{"line":90,"column":58}},"90":{"start":{"line":91,"column":0},"end":{"line":91,"column":0}},"91":{"start":{"line":92,"column":0},"end":{"line":92,"column":13}},"92":{"start":{"line":93,"column":0},"end":{"line":93,"column":0}},"93":{"start":{"line":94,"column":0},"end":{"line":94,"column":52}},"94":{"start":{"line":95,"column":0},"end":{"line":95,"column":12}},"95":{"start":{"line":96,"column":0},"end":{"line":96,"column":52}},"96":{"start":{"line":97,"column":0},"end":{"line":97,"column":0}},"97":{"start":{"line":98,"column":0},"end":{"line":98,"column":28}},"98":{"start":{"line":99,"column":0},"end":{"line":99,"column":0}},"99":{"start":{"line":100,"column":0},"end":{"line":100,"column":21}},"100":{"start":{"line":101,"column":0},"end":{"line":101,"column":0}},"101":{"start":{"line":102,"column":0},"end":{"line":102,"column":31}},"102":{"start":{"line":103,"column":0},"end":{"line":103,"column":0}},"103":{"start":{"line":104,"column":0},"end":{"line":104,"column":9}},"104":{"start":{"line":105,"column":0},"end":{"line":105,"column":0}},"105":{"start":{"line":106,"column":0},"end":{"line":106,"column":0}},"106":{"start":{"line":107,"column":0},"end":{"line":107,"column":5}},"107":{"start":{"line":108,"column":0},"end":{"line":108,"column":0}},"108":{"start":{"line":109,"column":0},"end":{"line":109,"column":1}},"109":{"start":{"line":110,"column":0},"end":{"line":110,"column":0}},"110":{"start":{"line":111,"column":0},"end":{"line":111,"column":50}},"111":{"start":{"line":112,"column":0},"end":{"line":112,"column":20}},"112":{"start":{"line":113,"column":0},"end":{"line":113,"column":0}},"113":{"start":{"line":114,"column":0},"end":{"line":114,"column":12}},"114":{"start":{"line":115,"column":0},"end":{"line":115,"column":0}},"115":{"start":{"line":116,"column":0},"end":{"line":116,"column":41}},"116":{"start":{"line":117,"column":0},"end":{"line":117,"column":0}},"117":{"start":{"line":118,"column":0},"end":{"line":118,"column":40}},"118":{"start":{"line":119,"column":0},"end":{"line":119,"column":44}},"119":{"start":{"line":120,"column":0},"end":{"line":120,"column":13}},"120":{"start":{"line":121,"column":0},"end":{"line":121,"column":0}},"121":{"start":{"line":122,"column":0},"end":{"line":122,"column":9}},"122":{"start":{"line":123,"column":0},"end":{"line":123,"column":0}},"123":{"start":{"line":124,"column":0},"end":{"line":124,"column":21}},"124":{"start":{"line":125,"column":0},"end":{"line":125,"column":0}},"125":{"start":{"line":126,"column":0},"end":{"line":126,"column":47}},"126":{"start":{"line":127,"column":0},"end":{"line":127,"column":0}},"127":{"start":{"line":128,"column":0},"end":{"line":128,"column":36}},"128":{"start":{"line":129,"column":0},"end":{"line":129,"column":0}},"129":{"start":{"line":130,"column":0},"end":{"line":130,"column":44}},"130":{"start":{"line":131,"column":0},"end":{"line":131,"column":37}},"131":{"start":{"line":132,"column":0},"end":{"line":132,"column":17}},"132":{"start":{"line":133,"column":0},"end":{"line":133,"column":0}},"133":{"start":{"line":134,"column":0},"end":{"line":134,"column":65}},"134":{"start":{"line":135,"column":0},"end":{"line":135,"column":0}},"135":{"start":{"line":136,"column":0},"end":{"line":136,"column":13}},"136":{"start":{"line":137,"column":0},"end":{"line":137,"column":0}},"137":{"start":{"line":138,"column":0},"end":{"line":138,"column":9}},"138":{"start":{"line":139,"column":0},"end":{"line":139,"column":0}},"139":{"start":{"line":140,"column":0},"end":{"line":140,"column":5}},"140":{"start":{"line":141,"column":0},"end":{"line":141,"column":0}},"141":{"start":{"line":142,"column":0},"end":{"line":142,"column":14}},"142":{"start":{"line":143,"column":0},"end":{"line":143,"column":1}}},"s":{"0":1,"1":1,"2":1,"3":1,"4":1,"5":1,"6":1,"7":1,"8":1,"9":1,"10":1,"11":1,"12":1,"13":1,"14":1,"15":1,"16":1,"17":1,"18":13,"19":13,"20":13,"21":13,"22":13,"23":13,"24":13,"25":13,"26":3,"27":3,"28":3,"29":3,"30":3,"31":3,"32":3,"33":3,"34":3,"35":3,"36":3,"37":3,"38":3,"39":3,"40":3,"41":3,"42":3,"43":3,"44":3,"45":3,"46":3,"47":2,"48":2,"49":2,"50":2,"51":2,"52":2,"53":2,"54":2,"55":2,"56":2,"57":2,"58":2,"59":2,"60":2,"61":2,"62":2,"63":2,"64":3,"65":1,"66":1,"67":1,"68":1,"69":1,"70":1,"71":1,"72":1,"73":1,"74":1,"75":1,"76":1,"77":1,"78":1,"79":1,"80":1,"81":3,"82":0,"83":0,"84":0,"85":0,"86":0,"87":0,"88":13,"89":13,"90":221,"91":221,"92":221,"93":221,"94":220,"95":221,"96":217,"97":217,"98":217,"99":219,"100":1,"101":1,"102":1,"103":1,"104":221,"105":221,"106":221,"107":13,"108":13,"109":1,"110":14,"111":14,"112":14,"113":14,"114":5,"115":5,"116":2,"117":2,"118":1,"119":1,"120":2,"121":2,"122":5,"123":5,"124":1,"125":1,"126":1,"127":1,"128":1,"129":1,"130":1,"131":1,"132":1,"133":1,"134":1,"135":1,"136":1,"137":1,"138":5,"139":5,"140":14,"141":14,"142":14},"branchMap":{"0":{"type":"branch","line":7,"loc":{"start":{"line":7,"column":4},"end":{"line":11,"column":5}},"locations":[{"start":{"line":7,"column":4},"end":{"line":11,"column":5}}]},"1":{"type":"branch","line":19,"loc":{"start":{"line":19,"column":0},"end":{"line":109,"column":1}},"locations":[{"start":{"line":19,"column":0},"end":{"line":109,"column":1}}]},"2":{"type":"branch","line":23,"loc":{"start":{"line":23,"column":24},"end":{"line":23,"column":50}},"locations":[{"start":{"line":23,"column":24},"end":{"line":23,"column":50}}]},"3":{"type":"branch","line":26,"loc":{"start":{"line":26,"column":17},"end":{"line":88,"column":5}},"locations":[{"start":{"line":26,"column":17},"end":{"line":88,"column":5}}]},"4":{"type":"branch","line":47,"loc":{"start":{"line":47,"column":25},"end":{"line":47,"column":32}},"locations":[{"start":{"line":47,"column":25},"end":{"line":47,"column":32}}]},"5":{"type":"branch","line":47,"loc":{"start":{"line":47,"column":34},"end":{"line":65,"column":19}},"locations":[{"start":{"line":47,"column":34},"end":{"line":65,"column":19}}]},"6":{"type":"branch","line":65,"loc":{"start":{"line":65,"column":13},"end":{"line":81,"column":13}},"locations":[{"start":{"line":65,"column":13},"end":{"line":81,"column":13}}]},"7":{"type":"branch","line":82,"loc":{"start":{"line":82,"column":10},"end":{"line":88,"column":5}},"locations":[{"start":{"line":82,"column":10},"end":{"line":88,"column":5}}]},"8":{"type":"branch","line":90,"loc":{"start":{"line":90,"column":10},"end":{"line":107,"column":5}},"locations":[{"start":{"line":90,"column":10},"end":{"line":107,"column":5}}]},"9":{"type":"branch","line":95,"loc":{"start":{"line":95,"column":-2},"end":{"line":96,"column":48}},"locations":[{"start":{"line":95,"column":-2},"end":{"line":96,"column":48}}]},"10":{"type":"branch","line":96,"loc":{"start":{"line":96,"column":41},"end":{"line":104,"column":9}},"locations":[{"start":{"line":96,"column":41},"end":{"line":104,"column":9}}]},"11":{"type":"branch","line":96,"loc":{"start":{"line":96,"column":41},"end":{"line":96,"column":52}},"locations":[{"start":{"line":96,"column":41},"end":{"line":96,"column":52}}]},"12":{"type":"branch","line":97,"loc":{"start":{"line":97,"column":-2},"end":{"line":100,"column":17}},"locations":[{"start":{"line":97,"column":-2},"end":{"line":100,"column":17}}]},"13":{"type":"branch","line":100,"loc":{"start":{"line":100,"column":10},"end":{"line":104,"column":9}},"locations":[{"start":{"line":100,"column":10},"end":{"line":104,"column":9}}]},"14":{"type":"branch","line":111,"loc":{"start":{"line":111,"column":0},"end":{"line":143,"column":1}},"locations":[{"start":{"line":111,"column":0},"end":{"line":143,"column":1}}]},"15":{"type":"branch","line":114,"loc":{"start":{"line":114,"column":11},"end":{"line":140,"column":5}},"locations":[{"start":{"line":114,"column":11},"end":{"line":140,"column":5}}]},"16":{"type":"branch","line":116,"loc":{"start":{"line":116,"column":40},"end":{"line":122,"column":9}},"locations":[{"start":{"line":116,"column":40},"end":{"line":122,"column":9}}]},"17":{"type":"branch","line":118,"loc":{"start":{"line":118,"column":39},"end":{"line":120,"column":13}},"locations":[{"start":{"line":118,"column":39},"end":{"line":120,"column":13}}]},"18":{"type":"branch","line":124,"loc":{"start":{"line":124,"column":20},"end":{"line":138,"column":9}},"locations":[{"start":{"line":124,"column":20},"end":{"line":138,"column":9}}]},"19":{"type":"branch","line":134,"loc":{"start":{"line":134,"column":36},"end":{"line":134,"column":41}},"locations":[{"start":{"line":134,"column":36},"end":{"line":134,"column":41}}]}},"b":{"0":[1],"1":[13],"2":[220],"3":[3],"4":[2],"5":[2],"6":[1],"7":[0],"8":[221],"9":[220],"10":[219],"11":[3],"12":[217],"13":[1],"14":[14],"15":[5],"16":[2],"17":[1],"18":[1],"19":[0]},"fnMap":{"0":{"name":"APIError","decl":{"start":{"line":7,"column":4},"end":{"line":11,"column":5}},"loc":{"start":{"line":7,"column":4},"end":{"line":11,"column":5}},"line":7},"1":{"name":"APIClient","decl":{"start":{"line":19,"column":0},"end":{"line":109,"column":1}},"loc":{"start":{"line":19,"column":0},"end":{"line":109,"column":1}},"line":19},"2":{"name":"validateStatus","decl":{"start":{"line":23,"column":24},"end":{"line":23,"column":50}},"loc":{"start":{"line":23,"column":24},"end":{"line":23,"column":50}},"line":23},"3":{"name":"GETGITHUBRELEASE","decl":{"start":{"line":26,"column":17},"end":{"line":88,"column":5}},"loc":{"start":{"line":26,"column":17},"end":{"line":88,"column":5}},"line":26},"4":{"name":"req","decl":{"start":{"line":90,"column":10},"end":{"line":107,"column":5}},"loc":{"start":{"line":90,"column":10},"end":{"line":107,"column":5}},"line":90},"5":{"name":"PrepareParams","decl":{"start":{"line":111,"column":0},"end":{"line":143,"column":1}},"loc":{"start":{"line":111,"column":0},"end":{"line":143,"column":1}},"line":111}},"f":{"0":1,"1":13,"2":220,"3":3,"4":221,"5":14}}
,"C:\\nodejs\\spiget-api\\src\\class\\Author.ts": {"path":"C:\\nodejs\\spiget-api\\src\\class\\Author.ts","all":false,"statementMap":{"0":{"start":{"line":1,"column":0},"end":{"line":1,"column":26}},"1":{"start":{"line":2,"column":0},"end":{"line":2,"column":47}},"2":{"start":{"line":3,"column":0},"end":{"line":3,"column":51}},"3":{"start":{"line":4,"column":0},"end":{"line":4,"column":47}},"4":{"start":{"line":5,"column":0},"end":{"line":5,"column":72}},"5":{"start":{"line":6,"column":0},"end":{"line":6,"column":42}},"6":{"start":{"line":7,"column":0},"end":{"line":7,"column":45}},"7":{"start":{"line":8,"column":0},"end":{"line":8,"column":40}},"8":{"start":{"line":9,"column":0},"end":{"line":9,"column":38}},"9":{"start":{"line":10,"column":0},"end":{"line":10,"column":54}},"10":{"start":{"line":11,"column":0},"end":{"line":11,"column":0}},"11":{"start":{"line":12,"column":0},"end":{"line":12,"column":28}},"12":{"start":{"line":13,"column":0},"end":{"line":13,"column":0}},"13":{"start":{"line":14,"column":0},"end":{"line":14,"column":21}},"14":{"start":{"line":15,"column":0},"end":{"line":15,"column":0}},"15":{"start":{"line":16,"column":0},"end":{"line":16,"column":15}},"16":{"start":{"line":17,"column":0},"end":{"line":17,"column":17}},"17":{"start":{"line":18,"column":0},"end":{"line":18,"column":16}},"18":{"start":{"line":19,"column":0},"end":{"line":19,"column":0}},"19":{"start":{"line":20,"column":0},"end":{"line":20,"column":29}},"20":{"start":{"line":21,"column":0},"end":{"line":21,"column":0}},"21":{"start":{"line":22,"column":0},"end":{"line":22,"column":23}},"22":{"start":{"line":23,"column":0},"end":{"line":23,"column":27}},"23":{"start":{"line":24,"column":0},"end":{"line":24,"column":27}},"24":{"start":{"line":25,"column":0},"end":{"line":25,"column":0}},"25":{"start":{"line":26,"column":0},"end":{"line":26,"column":5}},"26":{"start":{"line":27,"column":0},"end":{"line":27,"column":7}},"27":{"start":{"line":28,"column":0},"end":{"line":28,"column":36}},"28":{"start":{"line":29,"column":0},"end":{"line":29,"column":7}},"29":{"start":{"line":30,"column":0},"end":{"line":30,"column":60}},"30":{"start":{"line":31,"column":0},"end":{"line":31,"column":0}},"31":{"start":{"line":32,"column":0},"end":{"line":32,"column":71}},"32":{"start":{"line":33,"column":0},"end":{"line":33,"column":0}},"33":{"start":{"line":34,"column":0},"end":{"line":34,"column":29}},"34":{"start":{"line":35,"column":0},"end":{"line":35,"column":0}},"35":{"start":{"line":36,"column":0},"end":{"line":36,"column":27}},"36":{"start":{"line":37,"column":0},"end":{"line":37,"column":0}},"37":{"start":{"line":38,"column":0},"end":{"line":38,"column":29}},"38":{"start":{"line":39,"column":0},"end":{"line":39,"column":0}},"39":{"start":{"line":40,"column":0},"end":{"line":40,"column":68}},"40":{"start":{"line":41,"column":0},"end":{"line":41,"column":0}},"41":{"start":{"line":42,"column":0},"end":{"line":42,"column":36}},"42":{"start":{"line":43,"column":0},"end":{"line":43,"column":0}},"43":{"start":{"line":44,"column":0},"end":{"line":44,"column":62}},"44":{"start":{"line":45,"column":0},"end":{"line":45,"column":0}},"45":{"start":{"line":46,"column":0},"end":{"line":46,"column":9}},"46":{"start":{"line":47,"column":0},"end":{"line":47,"column":0}},"47":{"start":{"line":48,"column":0},"end":{"line":48,"column":25}},"48":{"start":{"line":49,"column":0},"end":{"line":49,"column":0}},"49":{"start":{"line":50,"column":0},"end":{"line":50,"column":5}},"50":{"start":{"line":51,"column":0},"end":{"line":51,"column":0}},"51":{"start":{"line":52,"column":0},"end":{"line":52,"column":56}},"52":{"start":{"line":53,"column":0},"end":{"line":53,"column":0}},"53":{"start":{"line":54,"column":0},"end":{"line":54,"column":74}},"54":{"start":{"line":55,"column":0},"end":{"line":55,"column":0}},"55":{"start":{"line":56,"column":0},"end":{"line":56,"column":34}},"56":{"start":{"line":57,"column":0},"end":{"line":57,"column":0}},"57":{"start":{"line":58,"column":0},"end":{"line":58,"column":20}},"58":{"start":{"line":59,"column":0},"end":{"line":59,"column":0}},"59":{"start":{"line":60,"column":0},"end":{"line":60,"column":34}},"60":{"start":{"line":61,"column":0},"end":{"line":61,"column":23}},"61":{"start":{"line":62,"column":0},"end":{"line":62,"column":0}},"62":{"start":{"line":63,"column":0},"end":{"line":63,"column":30}},"63":{"start":{"line":64,"column":0},"end":{"line":64,"column":69}},"64":{"start":{"line":65,"column":0},"end":{"line":65,"column":0}},"65":{"start":{"line":66,"column":0},"end":{"line":66,"column":40}},"66":{"start":{"line":67,"column":0},"end":{"line":67,"column":0}},"67":{"start":{"line":68,"column":0},"end":{"line":68,"column":57}},"68":{"start":{"line":69,"column":0},"end":{"line":69,"column":20}},"69":{"start":{"line":70,"column":0},"end":{"line":70,"column":47}},"70":{"start":{"line":71,"column":0},"end":{"line":71,"column":13}},"71":{"start":{"line":72,"column":0},"end":{"line":72,"column":0}},"72":{"start":{"line":73,"column":0},"end":{"line":73,"column":28}},"73":{"start":{"line":74,"column":0},"end":{"line":74,"column":0}},"74":{"start":{"line":75,"column":0},"end":{"line":75,"column":9}},"75":{"start":{"line":76,"column":0},"end":{"line":76,"column":0}},"76":{"start":{"line":77,"column":0},"end":{"line":77,"column":18}},"77":{"start":{"line":78,"column":0},"end":{"line":78,"column":5}},"78":{"start":{"line":79,"column":0},"end":{"line":79,"column":0}},"79":{"start":{"line":80,"column":0},"end":{"line":80,"column":39}},"80":{"start":{"line":81,"column":0},"end":{"line":81,"column":0}},"81":{"start":{"line":82,"column":0},"end":{"line":82,"column":55}},"82":{"start":{"line":83,"column":0},"end":{"line":83,"column":0}},"83":{"start":{"line":84,"column":0},"end":{"line":84,"column":85}},"84":{"start":{"line":85,"column":0},"end":{"line":85,"column":0}},"85":{"start":{"line":86,"column":0},"end":{"line":86,"column":37}},"86":{"start":{"line":87,"column":0},"end":{"line":87,"column":0}},"87":{"start":{"line":88,"column":0},"end":{"line":88,"column":5}},"88":{"start":{"line":89,"column":0},"end":{"line":89,"column":0}},"89":{"start":{"line":90,"column":0},"end":{"line":90,"column":60}},"90":{"start":{"line":91,"column":0},"end":{"line":91,"column":0}},"91":{"start":{"line":92,"column":0},"end":{"line":92,"column":62}},"92":{"start":{"line":93,"column":0},"end":{"line":93,"column":0}},"93":{"start":{"line":94,"column":0},"end":{"line":94,"column":37}},"94":{"start":{"line":95,"column":0},"end":{"line":95,"column":0}},"95":{"start":{"line":96,"column":0},"end":{"line":96,"column":25}},"96":{"start":{"line":97,"column":0},"end":{"line":97,"column":0}},"97":{"start":{"line":98,"column":0},"end":{"line":98,"column":40}},"98":{"start":{"line":99,"column":0},"end":{"line":99,"column":45}},"99":{"start":{"line":100,"column":0},"end":{"line":100,"column":9}},"100":{"start":{"line":101,"column":0},"end":{"line":101,"column":0}},"101":{"start":{"line":102,"column":0},"end":{"line":102,"column":23}},"102":{"start":{"line":103,"column":0},"end":{"line":103,"column":0}},"103":{"start":{"line":104,"column":0},"end":{"line":104,"column":5}},"104":{"start":{"line":105,"column":0},"end":{"line":105,"column":0}},"105":{"start":{"line":106,"column":0},"end":{"line":106,"column":1}},"106":{"start":{"line":107,"column":0},"end":{"line":107,"column":0}},"107":{"start":{"line":108,"column":0},"end":{"line":108,"column":21}},"108":{"start":{"line":109,"column":0},"end":{"line":109,"column":0}},"109":{"start":{"line":110,"column":0},"end":{"line":110,"column":19}},"110":{"start":{"line":111,"column":0},"end":{"line":111,"column":0}},"111":{"start":{"line":112,"column":0},"end":{"line":112,"column":20}},"112":{"start":{"line":113,"column":0},"end":{"line":113,"column":0}},"113":{"start":{"line":114,"column":0},"end":{"line":114,"column":0}},"114":{"start":{"line":115,"column":0},"end":{"line":115,"column":35}},"115":{"start":{"line":116,"column":0},"end":{"line":116,"column":0}},"116":{"start":{"line":117,"column":0},"end":{"line":117,"column":20}},"117":{"start":{"line":118,"column":0},"end":{"line":118,"column":0}},"118":{"start":{"line":119,"column":0},"end":{"line":119,"column":17}},"119":{"start":{"line":120,"column":0},"end":{"line":120,"column":0}},"120":{"start":{"line":121,"column":0},"end":{"line":121,"column":24}},"121":{"start":{"line":122,"column":0},"end":{"line":122,"column":0}},"122":{"start":{"line":123,"column":0},"end":{"line":123,"column":15}},"123":{"start":{"line":124,"column":0},"end":{"line":124,"column":0}},"124":{"start":{"line":125,"column":0},"end":{"line":125,"column":66}},"125":{"start":{"line":126,"column":0},"end":{"line":126,"column":0}},"126":{"start":{"line":127,"column":0},"end":{"line":127,"column":23}},"127":{"start":{"line":128,"column":0},"end":{"line":128,"column":40}},"128":{"start":{"line":129,"column":0},"end":{"line":129,"column":27}},"129":{"start":{"line":130,"column":0},"end":{"line":130,"column":33}},"130":{"start":{"line":131,"column":0},"end":{"line":131,"column":29}},"131":{"start":{"line":132,"column":0},"end":{"line":132,"column":33}},"132":{"start":{"line":133,"column":0},"end":{"line":133,"column":31}},"133":{"start":{"line":134,"column":0},"end":{"line":134,"column":0}},"134":{"start":{"line":135,"column":0},"end":{"line":135,"column":5}},"135":{"start":{"line":136,"column":0},"end":{"line":136,"column":0}},"136":{"start":{"line":137,"column":0},"end":{"line":137,"column":19}},"137":{"start":{"line":138,"column":0},"end":{"line":138,"column":76}},"138":{"start":{"line":139,"column":0},"end":{"line":139,"column":5}},"139":{"start":{"line":140,"column":0},"end":{"line":140,"column":0}},"140":{"start":{"line":141,"column":0},"end":{"line":141,"column":1}}},"s":{"0":1,"1":1,"2":1,"3":1,"4":1,"5":1,"6":1,"7":1,"8":1,"9":1,"10":1,"11":1,"12":1,"13":1,"14":1,"15":1,"16":1,"17":1,"18":1,"19":1,"20":100,"21":100,"22":100,"23":100,"24":100,"25":100,"26":1,"27":1,"28":1,"29":1,"30":1,"31":1,"32":1,"33":1,"34":1,"35":1,"36":1,"37":1,"38":4,"39":4,"40":4,"41":4,"42":4,"43":4,"44":4,"45":4,"46":1,"47":1,"48":1,"49":1,"50":1,"51":1,"52":1,"53":1,"54":1,"55":1,"56":1,"57":1,"58":1,"59":1,"60":10,"61":10,"62":10,"63":7,"64":7,"65":7,"66":6,"67":6,"68":10,"69":3,"70":3,"71":9,"72":9,"73":9,"74":9,"75":1,"76":1,"77":1,"78":1,"79":1,"80":91,"81":91,"82":91,"83":91,"84":90,"85":90,"86":90,"87":90,"88":1,"89":1,"90":1,"91":1,"92":1,"93":1,"94":1,"95":1,"96":1,"97":1,"98":10,"99":10,"100":1,"101":1,"102":1,"103":1,"104":1,"105":1,"106":1,"107":1,"108":1,"109":1,"110":1,"111":1,"112":1,"113":1,"114":1,"115":1,"116":1,"117":1,"118":1,"119":1,"120":1,"121":1,"122":1,"123":1,"124":1,"125":11,"126":11,"127":11,"128":11,"129":11,"130":11,"131":11,"132":11,"133":11,"134":11,"135":1,"136":1,"137":1,"138":1,"139":1,"140":1},"branchMap":{"0":{"type":"branch","line":20,"loc":{"start":{"line":20,"column":4},"end":{"line":26,"column":5}},"locations":[{"start":{"line":20,"column":4},"end":{"line":26,"column":5}}]},"1":{"type":"branch","line":30,"loc":{"start":{"line":30,"column":10},"end":{"line":50,"column":5}},"locations":[{"start":{"line":30,"column":10},"end":{"line":50,"column":5}}]},"2":{"type":"branch","line":34,"loc":{"start":{"line":34,"column":17},"end":{"line":34,"column":29}},"locations":[{"start":{"line":34,"column":17},"end":{"line":34,"column":29}}]},"3":{"type":"branch","line":38,"loc":{"start":{"line":38,"column":28},"end":{"line":46,"column":9}},"locations":[{"start":{"line":38,"column":28},"end":{"line":46,"column":9}}]},"4":{"type":"branch","line":42,"loc":{"start":{"line":42,"column":27},"end":{"line":42,"column":36}},"locations":[{"start":{"line":42,"column":27},"end":{"line":42,"column":36}}]},"5":{"type":"branch","line":52,"loc":{"start":{"line":52,"column":10},"end":{"line":78,"column":5}},"locations":[{"start":{"line":52,"column":10},"end":{"line":78,"column":5}}]},"6":{"type":"branch","line":56,"loc":{"start":{"line":56,"column":22},"end":{"line":56,"column":34}},"locations":[{"start":{"line":56,"column":22},"end":{"line":56,"column":34}}]},"7":{"type":"branch","line":60,"loc":{"start":{"line":60,"column":33},"end":{"line":75,"column":9}},"locations":[{"start":{"line":60,"column":33},"end":{"line":75,"column":9}}]},"8":{"type":"branch","line":63,"loc":{"start":{"line":63,"column":29},"end":{"line":69,"column":19}},"locations":[{"start":{"line":63,"column":29},"end":{"line":69,"column":19}}]},"9":{"type":"branch","line":66,"loc":{"start":{"line":66,"column":31},"end":{"line":66,"column":40}},"locations":[{"start":{"line":66,"column":31},"end":{"line":66,"column":40}}]},"10":{"type":"branch","line":67,"loc":{"start":{"line":67,"column":-2},"end":{"line":69,"column":19}},"locations":[{"start":{"line":67,"column":-2},"end":{"line":69,"column":19}}]},"11":{"type":"branch","line":69,"loc":{"start":{"line":69,"column":13},"end":{"line":71,"column":13}},"locations":[{"start":{"line":69,"column":13},"end":{"line":71,"column":13}}]},"12":{"type":"branch","line":72,"loc":{"start":{"line":72,"column":-2},"end":{"line":75,"column":9}},"locations":[{"start":{"line":72,"column":-2},"end":{"line":75,"column":9}}]},"13":{"type":"branch","line":80,"loc":{"start":{"line":80,"column":17},"end":{"line":88,"column":5}},"locations":[{"start":{"line":80,"column":17},"end":{"line":88,"column":5}}]},"14":{"type":"branch","line":84,"loc":{"start":{"line":84,"column":73},"end":{"line":84,"column":85}},"locations":[{"start":{"line":84,"column":73},"end":{"line":84,"column":85}}]},"15":{"type":"branch","line":85,"loc":{"start":{"line":85,"column":-2},"end":{"line":88,"column":5}},"locations":[{"start":{"line":85,"column":-2},"end":{"line":88,"column":5}}]},"16":{"type":"branch","line":90,"loc":{"start":{"line":90,"column":17},"end":{"line":104,"column":5}},"locations":[{"start":{"line":90,"column":17},"end":{"line":104,"column":5}}]},"17":{"type":"branch","line":94,"loc":{"start":{"line":94,"column":25},"end":{"line":94,"column":37}},"locations":[{"start":{"line":94,"column":25},"end":{"line":94,"column":37}}]},"18":{"type":"branch","line":98,"loc":{"start":{"line":98,"column":39},"end":{"line":100,"column":9}},"locations":[{"start":{"line":98,"column":39},"end":{"line":100,"column":9}}]},"19":{"type":"branch","line":125,"loc":{"start":{"line":125,"column":4},"end":{"line":135,"column":5}},"locations":[{"start":{"line":125,"column":4},"end":{"line":135,"column":5}}]},"20":{"type":"branch","line":137,"loc":{"start":{"line":137,"column":4},"end":{"line":139,"column":5}},"locations":[{"start":{"line":137,"column":4},"end":{"line":139,"column":5}}]}},"b":{"0":[100],"1":[1],"2":[0],"3":[4],"4":[0],"5":[1],"6":[0],"7":[10],"8":[7],"9":[1],"10":[6],"11":[3],"12":[9],"13":[91],"14":[1],"15":[90],"16":[1],"17":[0],"18":[10],"19":[11],"20":[1]},"fnMap":{"0":{"name":"Author","decl":{"start":{"line":20,"column":4},"end":{"line":26,"column":5}},"loc":{"start":{"line":20,"column":4},"end":{"line":26,"column":5}},"line":20},"1":{"name":"getResources","decl":{"start":{"line":30,"column":10},"end":{"line":50,"column":5}},"loc":{"start":{"line":30,"column":10},"end":{"line":50,"column":5}},"line":30},"2":{"name":"getReviews","decl":{"start":{"line":52,"column":10},"end":{"line":78,"column":5}},"loc":{"start":{"line":52,"column":10},"end":{"line":78,"column":5}},"line":52},"3":{"name":"findByID","decl":{"start":{"line":80,"column":17},"end":{"line":88,"column":5}},"loc":{"start":{"line":80,"column":17},"end":{"line":88,"column":5}},"line":80},"4":{"name":"findAll","decl":{"start":{"line":90,"column":17},"end":{"line":104,"column":5}},"loc":{"start":{"line":90,"column":17},"end":{"line":104,"column":5}},"line":90},"5":{"name":"Review","decl":{"start":{"line":125,"column":4},"end":{"line":135,"column":5}},"loc":{"start":{"line":125,"column":4},"end":{"line":135,"column":5}},"line":125},"6":{"name":"get message","decl":{"start":{"line":137,"column":4},"end":{"line":139,"column":5}},"loc":{"start":{"line":137,"column":4},"end":{"line":139,"column":5}},"line":137}},"f":{"0":100,"1":1,"2":1,"3":91,"4":1,"5":11,"6":1}}
,"C:\\nodejs\\spiget-api\\src\\class\\Category.ts": {"path":"C:\\nodejs\\spiget-api\\src\\class\\Category.ts","all":false,"statementMap":{"0":{"start":{"line":1,"column":0},"end":{"line":1,"column":51}},"1":{"start":{"line":2,"column":0},"end":{"line":2,"column":51}},"2":{"start":{"line":3,"column":0},"end":{"line":3,"column":56}},"3":{"start":{"line":4,"column":0},"end":{"line":4,"column":45}},"4":{"start":{"line":5,"column":0},"end":{"line":5,"column":34}},"5":{"start":{"line":6,"column":0},"end":{"line":6,"column":38}},"6":{"start":{"line":7,"column":0},"end":{"line":7,"column":0}},"7":{"start":{"line":8,"column":0},"end":{"line":8,"column":0}},"8":{"start":{"line":9,"column":0},"end":{"line":9,"column":23}},"9":{"start":{"line":10,"column":0},"end":{"line":10,"column":0}},"10":{"start":{"line":11,"column":0},"end":{"line":11,"column":14}},"11":{"start":{"line":12,"column":0},"end":{"line":12,"column":16}},"12":{"start":{"line":13,"column":0},"end":{"line":13,"column":0}},"13":{"start":{"line":14,"column":0},"end":{"line":14,"column":30}},"14":{"start":{"line":15,"column":0},"end":{"line":15,"column":0}},"15":{"start":{"line":16,"column":0},"end":{"line":16,"column":23}},"16":{"start":{"line":17,"column":0},"end":{"line":17,"column":27}},"17":{"start":{"line":18,"column":0},"end":{"line":18,"column":0}},"18":{"start":{"line":19,"column":0},"end":{"line":19,"column":5}},"19":{"start":{"line":20,"column":0},"end":{"line":20,"column":0}},"20":{"start":{"line":21,"column":0},"end":{"line":21,"column":59}},"21":{"start":{"line":22,"column":0},"end":{"line":22,"column":0}},"22":{"start":{"line":23,"column":0},"end":{"line":23,"column":76}},"23":{"start":{"line":24,"column":0},"end":{"line":24,"column":0}},"24":{"start":{"line":25,"column":0},"end":{"line":25,"column":30}},"25":{"start":{"line":26,"column":0},"end":{"line":26,"column":0}},"26":{"start":{"line":27,"column":0},"end":{"line":27,"column":27}},"27":{"start":{"line":28,"column":0},"end":{"line":28,"column":0}},"28":{"start":{"line":29,"column":0},"end":{"line":29,"column":30}},"29":{"start":{"line":30,"column":0},"end":{"line":30,"column":0}},"30":{"start":{"line":31,"column":0},"end":{"line":31,"column":62}},"31":{"start":{"line":32,"column":0},"end":{"line":32,"column":0}},"32":{"start":{"line":33,"column":0},"end":{"line":33,"column":33}},"33":{"start":{"line":34,"column":0},"end":{"line":34,"column":0}},"34":{"start":{"line":35,"column":0},"end":{"line":35,"column":60}},"35":{"start":{"line":36,"column":0},"end":{"line":36,"column":0}},"36":{"start":{"line":37,"column":0},"end":{"line":37,"column":9}},"37":{"start":{"line":38,"column":0},"end":{"line":38,"column":0}},"38":{"start":{"line":39,"column":0},"end":{"line":39,"column":25}},"39":{"start":{"line":40,"column":0},"end":{"line":40,"column":0}},"40":{"start":{"line":41,"column":0},"end":{"line":41,"column":5}},"41":{"start":{"line":42,"column":0},"end":{"line":42,"column":0}},"42":{"start":{"line":43,"column":0},"end":{"line":43,"column":21}},"43":{"start":{"line":44,"column":0},"end":{"line":44,"column":61}},"44":{"start":{"line":45,"column":0},"end":{"line":45,"column":0}},"45":{"start":{"line":46,"column":0},"end":{"line":46,"column":57}},"46":{"start":{"line":47,"column":0},"end":{"line":47,"column":0}},"47":{"start":{"line":48,"column":0},"end":{"line":48,"column":85}},"48":{"start":{"line":49,"column":0},"end":{"line":49,"column":0}},"49":{"start":{"line":50,"column":0},"end":{"line":50,"column":38}},"50":{"start":{"line":51,"column":0},"end":{"line":51,"column":0}},"51":{"start":{"line":52,"column":0},"end":{"line":52,"column":5}},"52":{"start":{"line":53,"column":0},"end":{"line":53,"column":0}},"53":{"start":{"line":54,"column":0},"end":{"line":54,"column":61}},"54":{"start":{"line":55,"column":0},"end":{"line":55,"column":0}},"55":{"start":{"line":56,"column":0},"end":{"line":56,"column":66}},"56":{"start":{"line":57,"column":0},"end":{"line":57,"column":0}},"57":{"start":{"line":58,"column":0},"end":{"line":58,"column":36}},"58":{"start":{"line":59,"column":0},"end":{"line":59,"column":0}},"59":{"start":{"line":60,"column":0},"end":{"line":60,"column":22}},"60":{"start":{"line":61,"column":0},"end":{"line":61,"column":0}},"61":{"start":{"line":62,"column":0},"end":{"line":62,"column":41}},"62":{"start":{"line":63,"column":0},"end":{"line":63,"column":0}},"63":{"start":{"line":64,"column":0},"end":{"line":64,"column":46}},"64":{"start":{"line":65,"column":0},"end":{"line":65,"column":0}},"65":{"start":{"line":66,"column":0},"end":{"line":66,"column":9}},"66":{"start":{"line":67,"column":0},"end":{"line":67,"column":8}},"67":{"start":{"line":68,"column":0},"end":{"line":68,"column":20}},"68":{"start":{"line":69,"column":0},"end":{"line":69,"column":0}},"69":{"start":{"line":70,"column":0},"end":{"line":70,"column":5}},"70":{"start":{"line":71,"column":0},"end":{"line":71,"column":0}},"71":{"start":{"line":72,"column":0},"end":{"line":72,"column":1}}},"s":{"0":1,"1":1,"2":1,"3":1,"4":1,"5":1,"6":1,"7":1,"8":1,"9":1,"10":1,"11":1,"12":1,"13":1,"14":84,"15":84,"16":84,"17":84,"18":84,"19":1,"20":1,"21":1,"22":1,"23":1,"24":1,"25":1,"26":1,"27":1,"28":1,"29":10,"30":10,"31":10,"32":10,"33":10,"34":10,"35":10,"36":10,"37":1,"38":1,"39":1,"40":1,"41":1,"42":1,"43":1,"44":75,"45":75,"46":75,"47":75,"48":74,"49":74,"50":74,"51":74,"52":1,"53":1,"54":1,"55":1,"56":1,"57":1,"58":1,"59":1,"60":1,"61":1,"62":10,"63":10,"64":10,"65":10,"66":1,"67":1,"68":1,"69":1,"70":1,"71":1},"branchMap":{"0":{"type":"branch","line":14,"loc":{"start":{"line":14,"column":4},"end":{"line":19,"column":5}},"locations":[{"start":{"line":14,"column":4},"end":{"line":19,"column":5}}]},"1":{"type":"branch","line":21,"loc":{"start":{"line":21,"column":10},"end":{"line":41,"column":5}},"locations":[{"start":{"line":21,"column":10},"end":{"line":41,"column":5}}]},"2":{"type":"branch","line":25,"loc":{"start":{"line":25,"column":18},"end":{"line":25,"column":30}},"locations":[{"start":{"line":25,"column":18},"end":{"line":25,"column":30}}]},"3":{"type":"branch","line":29,"loc":{"start":{"line":29,"column":29},"end":{"line":37,"column":9}},"locations":[{"start":{"line":29,"column":29},"end":{"line":37,"column":9}}]},"4":{"type":"branch","line":33,"loc":{"start":{"line":33,"column":24},"end":{"line":33,"column":33}},"locations":[{"start":{"line":33,"column":24},"end":{"line":33,"column":33}}]},"5":{"type":"branch","line":44,"loc":{"start":{"line":44,"column":17},"end":{"line":52,"column":5}},"locations":[{"start":{"line":44,"column":17},"end":{"line":52,"column":5}}]},"6":{"type":"branch","line":48,"loc":{"start":{"line":48,"column":73},"end":{"line":48,"column":85}},"locations":[{"start":{"line":48,"column":73},"end":{"line":48,"column":85}}]},"7":{"type":"branch","line":49,"loc":{"start":{"line":49,"column":-2},"end":{"line":52,"column":5}},"locations":[{"start":{"line":49,"column":-2},"end":{"line":52,"column":5}}]},"8":{"type":"branch","line":54,"loc":{"start":{"line":54,"column":17},"end":{"line":70,"column":5}},"locations":[{"start":{"line":54,"column":17},"end":{"line":70,"column":5}}]},"9":{"type":"branch","line":58,"loc":{"start":{"line":58,"column":24},"end":{"line":58,"column":36}},"locations":[{"start":{"line":58,"column":24},"end":{"line":58,"column":36}}]},"10":{"type":"branch","line":62,"loc":{"start":{"line":62,"column":40},"end":{"line":66,"column":9}},"locations":[{"start":{"line":62,"column":40},"end":{"line":66,"column":9}}]}},"b":{"0":[84],"1":[1],"2":[0],"3":[10],"4":[0],"5":[75],"6":[1],"7":[74],"8":[1],"9":[0],"10":[10]},"fnMap":{"0":{"name":"Category","decl":{"start":{"line":14,"column":4},"end":{"line":19,"column":5}},"loc":{"start":{"line":14,"column":4},"end":{"line":19,"column":5}},"line":14},"1":{"name":"getResources","decl":{"start":{"line":21,"column":10},"end":{"line":41,"column":5}},"loc":{"start":{"line":21,"column":10},"end":{"line":41,"column":5}},"line":21},"2":{"name":"findById","decl":{"start":{"line":44,"column":17},"end":{"line":52,"column":5}},"loc":{"start":{"line":44,"column":17},"end":{"line":52,"column":5}},"line":44},"3":{"name":"findAll","decl":{"start":{"line":54,"column":17},"end":{"line":70,"column":5}},"loc":{"start":{"line":54,"column":17},"end":{"line":70,"column":5}},"line":54}},"f":{"0":84,"1":1,"2":75,"3":1}}
,"C:\\nodejs\\spiget-api\\src\\class\\Resource.ts": {"path":"C:\\nodejs\\spiget-api\\src\\class\\Resource.ts","all":false,"statementMap":{"0":{"start":{"line":1,"column":0},"end":{"line":1,"column":156}},"1":{"start":{"line":2,"column":0},"end":{"line":2,"column":47}},"2":{"start":{"line":3,"column":0},"end":{"line":3,"column":72}},"3":{"start":{"line":4,"column":0},"end":{"line":4,"column":58}},"4":{"start":{"line":5,"column":0},"end":{"line":5,"column":45}},"5":{"start":{"line":6,"column":0},"end":{"line":6,"column":42}},"6":{"start":{"line":7,"column":0},"end":{"line":7,"column":38}},"7":{"start":{"line":8,"column":0},"end":{"line":8,"column":0}},"8":{"start":{"line":9,"column":0},"end":{"line":9,"column":0}},"9":{"start":{"line":10,"column":0},"end":{"line":10,"column":23}},"10":{"start":{"line":11,"column":0},"end":{"line":11,"column":0}},"11":{"start":{"line":12,"column":0},"end":{"line":12,"column":15}},"12":{"start":{"line":13,"column":0},"end":{"line":13,"column":22}},"13":{"start":{"line":14,"column":0},"end":{"line":14,"column":24}},"14":{"start":{"line":15,"column":0},"end":{"line":15,"column":18}},"15":{"start":{"line":16,"column":0},"end":{"line":16,"column":17}},"16":{"start":{"line":17,"column":0},"end":{"line":17,"column":34}},"17":{"start":{"line":18,"column":0},"end":{"line":18,"column":19}},"18":{"start":{"line":19,"column":0},"end":{"line":19,"column":23}},"19":{"start":{"line":20,"column":0},"end":{"line":20,"column":28}},"20":{"start":{"line":21,"column":0},"end":{"line":21,"column":16}},"21":{"start":{"line":22,"column":0},"end":{"line":22,"column":24}},"22":{"start":{"line":23,"column":0},"end":{"line":23,"column":23}},"23":{"start":{"line":24,"column":0},"end":{"line":24,"column":22}},"24":{"start":{"line":25,"column":0},"end":{"line":25,"column":21}},"25":{"start":{"line":26,"column":0},"end":{"line":26,"column":28}},"26":{"start":{"line":27,"column":0},"end":{"line":27,"column":37}},"27":{"start":{"line":28,"column":0},"end":{"line":28,"column":14}},"28":{"start":{"line":29,"column":0},"end":{"line":29,"column":19}},"29":{"start":{"line":30,"column":0},"end":{"line":30,"column":6}},"30":{"start":{"line":31,"column":0},"end":{"line":31,"column":14}},"31":{"start":{"line":32,"column":0},"end":{"line":32,"column":19}},"32":{"start":{"line":33,"column":0},"end":{"line":33,"column":6}},"33":{"start":{"line":34,"column":0},"end":{"line":34,"column":18}},"34":{"start":{"line":35,"column":0},"end":{"line":35,"column":0}},"35":{"start":{"line":36,"column":0},"end":{"line":36,"column":39}},"36":{"start":{"line":37,"column":0},"end":{"line":37,"column":41}},"37":{"start":{"line":38,"column":0},"end":{"line":38,"column":0}},"38":{"start":{"line":39,"column":0},"end":{"line":39,"column":44}},"39":{"start":{"line":40,"column":0},"end":{"line":40,"column":26}},"40":{"start":{"line":41,"column":0},"end":{"line":41,"column":17}},"41":{"start":{"line":42,"column":0},"end":{"line":42,"column":28}},"42":{"start":{"line":43,"column":0},"end":{"line":43,"column":32}},"43":{"start":{"line":44,"column":0},"end":{"line":44,"column":4}},"44":{"start":{"line":45,"column":0},"end":{"line":45,"column":64}},"45":{"start":{"line":46,"column":0},"end":{"line":46,"column":0}},"46":{"start":{"line":47,"column":0},"end":{"line":47,"column":23}},"47":{"start":{"line":48,"column":0},"end":{"line":48,"column":35}},"48":{"start":{"line":49,"column":0},"end":{"line":49,"column":27}},"49":{"start":{"line":50,"column":0},"end":{"line":50,"column":29}},"50":{"start":{"line":51,"column":0},"end":{"line":51,"column":36}},"51":{"start":{"line":52,"column":0},"end":{"line":52,"column":27}},"52":{"start":{"line":53,"column":0},"end":{"line":53,"column":33}},"53":{"start":{"line":54,"column":0},"end":{"line":54,"column":29}},"54":{"start":{"line":55,"column":0},"end":{"line":55,"column":33}},"55":{"start":{"line":56,"column":0},"end":{"line":56,"column":31}},"56":{"start":{"line":57,"column":0},"end":{"line":57,"column":27}},"57":{"start":{"line":58,"column":0},"end":{"line":58,"column":41}},"58":{"start":{"line":59,"column":0},"end":{"line":59,"column":39}},"59":{"start":{"line":60,"column":0},"end":{"line":60,"column":37}},"60":{"start":{"line":61,"column":0},"end":{"line":61,"column":33}},"61":{"start":{"line":62,"column":0},"end":{"line":62,"column":49}},"62":{"start":{"line":63,"column":0},"end":{"line":63,"column":48}},"63":{"start":{"line":64,"column":0},"end":{"line":64,"column":35}},"64":{"start":{"line":65,"column":0},"end":{"line":65,"column":33}},"65":{"start":{"line":66,"column":0},"end":{"line":66,"column":33}},"66":{"start":{"line":67,"column":0},"end":{"line":67,"column":29}},"67":{"start":{"line":68,"column":0},"end":{"line":68,"column":0}},"68":{"start":{"line":69,"column":0},"end":{"line":69,"column":47}},"69":{"start":{"line":70,"column":0},"end":{"line":70,"column":43}},"70":{"start":{"line":71,"column":0},"end":{"line":71,"column":25}},"71":{"start":{"line":72,"column":0},"end":{"line":72,"column":47}},"72":{"start":{"line":73,"column":0},"end":{"line":73,"column":55}},"73":{"start":{"line":74,"column":0},"end":{"line":74,"column":0}},"74":{"start":{"line":75,"column":0},"end":{"line":75,"column":5}},"75":{"start":{"line":76,"column":0},"end":{"line":76,"column":4}},"76":{"start":{"line":77,"column":0},"end":{"line":77,"column":35}},"77":{"start":{"line":78,"column":0},"end":{"line":78,"column":32}},"78":{"start":{"line":79,"column":0},"end":{"line":79,"column":8}},"79":{"start":{"line":80,"column":0},"end":{"line":80,"column":71}},"80":{"start":{"line":81,"column":0},"end":{"line":81,"column":5}},"81":{"start":{"line":82,"column":0},"end":{"line":82,"column":0}},"82":{"start":{"line":83,"column":0},"end":{"line":83,"column":55}},"83":{"start":{"line":84,"column":0},"end":{"line":84,"column":0}},"84":{"start":{"line":85,"column":0},"end":{"line":85,"column":74}},"85":{"start":{"line":86,"column":0},"end":{"line":86,"column":0}},"86":{"start":{"line":87,"column":0},"end":{"line":87,"column":30}},"87":{"start":{"line":88,"column":0},"end":{"line":88,"column":0}},"88":{"start":{"line":89,"column":0},"end":{"line":89,"column":25}},"89":{"start":{"line":90,"column":0},"end":{"line":90,"column":0}},"90":{"start":{"line":91,"column":0},"end":{"line":91,"column":30}},"91":{"start":{"line":92,"column":0},"end":{"line":92,"column":0}},"92":{"start":{"line":93,"column":0},"end":{"line":93,"column":62}},"93":{"start":{"line":94,"column":0},"end":{"line":94,"column":0}},"94":{"start":{"line":95,"column":0},"end":{"line":95,"column":33}},"95":{"start":{"line":96,"column":0},"end":{"line":96,"column":0}},"96":{"start":{"line":97,"column":0},"end":{"line":97,"column":64}},"97":{"start":{"line":98,"column":0},"end":{"line":98,"column":0}},"98":{"start":{"line":99,"column":0},"end":{"line":99,"column":9}},"99":{"start":{"line":100,"column":0},"end":{"line":100,"column":0}},"100":{"start":{"line":101,"column":0},"end":{"line":101,"column":23}},"101":{"start":{"line":102,"column":0},"end":{"line":102,"column":0}},"102":{"start":{"line":103,"column":0},"end":{"line":103,"column":5}},"103":{"start":{"line":104,"column":0},"end":{"line":104,"column":0}},"104":{"start":{"line":105,"column":0},"end":{"line":105,"column":63}},"105":{"start":{"line":106,"column":0},"end":{"line":106,"column":0}},"106":{"start":{"line":107,"column":0},"end":{"line":107,"column":74}},"107":{"start":{"line":108,"column":0},"end":{"line":108,"column":0}},"108":{"start":{"line":109,"column":0},"end":{"line":109,"column":30}},"109":{"start":{"line":110,"column":0},"end":{"line":110,"column":0}},"110":{"start":{"line":111,"column":0},"end":{"line":111,"column":25}},"111":{"start":{"line":112,"column":0},"end":{"line":112,"column":0}},"112":{"start":{"line":113,"column":0},"end":{"line":113,"column":30}},"113":{"start":{"line":114,"column":0},"end":{"line":114,"column":0}},"114":{"start":{"line":115,"column":0},"end":{"line":115,"column":56}},"115":{"start":{"line":116,"column":0},"end":{"line":116,"column":0}},"116":{"start":{"line":117,"column":0},"end":{"line":117,"column":9}},"117":{"start":{"line":118,"column":0},"end":{"line":118,"column":0}},"118":{"start":{"line":119,"column":0},"end":{"line":119,"column":23}},"119":{"start":{"line":120,"column":0},"end":{"line":120,"column":0}},"120":{"start":{"line":121,"column":0},"end":{"line":121,"column":5}},"121":{"start":{"line":122,"column":0},"end":{"line":122,"column":0}},"122":{"start":{"line":123,"column":0},"end":{"line":123,"column":41}},"123":{"start":{"line":124,"column":0},"end":{"line":124,"column":0}},"124":{"start":{"line":125,"column":0},"end":{"line":125,"column":67}},"125":{"start":{"line":126,"column":0},"end":{"line":126,"column":0}},"126":{"start":{"line":127,"column":0},"end":{"line":127,"column":73}},"127":{"start":{"line":128,"column":0},"end":{"line":128,"column":0}},"128":{"start":{"line":129,"column":0},"end":{"line":129,"column":45}},"129":{"start":{"line":130,"column":0},"end":{"line":130,"column":0}},"130":{"start":{"line":131,"column":0},"end":{"line":131,"column":5}},"131":{"start":{"line":132,"column":0},"end":{"line":132,"column":0}},"132":{"start":{"line":133,"column":0},"end":{"line":133,"column":69}},"133":{"start":{"line":134,"column":0},"end":{"line":134,"column":75}},"134":{"start":{"line":135,"column":0},"end":{"line":135,"column":0}},"135":{"start":{"line":136,"column":0},"end":{"line":136,"column":30}},"136":{"start":{"line":137,"column":0},"end":{"line":137,"column":0}},"137":{"start":{"line":138,"column":0},"end":{"line":138,"column":26}},"138":{"start":{"line":139,"column":0},"end":{"line":139,"column":0}},"139":{"start":{"line":140,"column":0},"end":{"line":140,"column":30}},"140":{"start":{"line":141,"column":0},"end":{"line":141,"column":0}},"141":{"start":{"line":142,"column":0},"end":{"line":142,"column":58}},"142":{"start":{"line":143,"column":0},"end":{"line":143,"column":0}},"143":{"start":{"line":144,"column":0},"end":{"line":144,"column":9}},"144":{"start":{"line":145,"column":0},"end":{"line":145,"column":0}},"145":{"start":{"line":146,"column":0},"end":{"line":146,"column":24}},"146":{"start":{"line":147,"column":0},"end":{"line":147,"column":0}},"147":{"start":{"line":148,"column":0},"end":{"line":148,"column":5}},"148":{"start":{"line":149,"column":0},"end":{"line":149,"column":0}},"149":{"start":{"line":150,"column":0},"end":{"line":150,"column":42}},"150":{"start":{"line":151,"column":0},"end":{"line":151,"column":0}},"151":{"start":{"line":152,"column":0},"end":{"line":152,"column":68}},"152":{"start":{"line":153,"column":0},"end":{"line":153,"column":0}},"153":{"start":{"line":154,"column":0},"end":{"line":154,"column":29}},"154":{"start":{"line":155,"column":0},"end":{"line":155,"column":0}},"155":{"start":{"line":156,"column":0},"end":{"line":156,"column":46}},"156":{"start":{"line":157,"column":0},"end":{"line":157,"column":0}},"157":{"start":{"line":158,"column":0},"end":{"line":158,"column":5}},"158":{"start":{"line":159,"column":0},"end":{"line":159,"column":0}},"159":{"start":{"line":160,"column":0},"end":{"line":160,"column":23}},"160":{"start":{"line":161,"column":0},"end":{"line":161,"column":80}},"161":{"start":{"line":162,"column":0},"end":{"line":162,"column":5}},"162":{"start":{"line":163,"column":0},"end":{"line":163,"column":0}},"163":{"start":{"line":164,"column":0},"end":{"line":164,"column":17}},"164":{"start":{"line":165,"column":0},"end":{"line":165,"column":23}},"165":{"start":{"line":166,"column":0},"end":{"line":166,"column":0}},"166":{"start":{"line":167,"column":0},"end":{"line":167,"column":55}},"167":{"start":{"line":168,"column":0},"end":{"line":168,"column":122}},"168":{"start":{"line":169,"column":0},"end":{"line":169,"column":9}},"169":{"start":{"line":170,"column":0},"end":{"line":170,"column":0}},"170":{"start":{"line":171,"column":0},"end":{"line":171,"column":17}},"171":{"start":{"line":172,"column":0},"end":{"line":172,"column":5}},"172":{"start":{"line":173,"column":0},"end":{"line":173,"column":0}},"173":{"start":{"line":174,"column":0},"end":{"line":174,"column":38}},"174":{"start":{"line":175,"column":0},"end":{"line":175,"column":0}},"175":{"start":{"line":176,"column":0},"end":{"line":176,"column":53}},"176":{"start":{"line":177,"column":0},"end":{"line":177,"column":0}},"177":{"start":{"line":178,"column":0},"end":{"line":178,"column":68}},"178":{"start":{"line":179,"column":0},"end":{"line":179,"column":0}},"179":{"start":{"line":180,"column":0},"end":{"line":180,"column":59}},"180":{"start":{"line":181,"column":0},"end":{"line":181,"column":64}},"181":{"start":{"line":182,"column":0},"end":{"line":182,"column":0}},"182":{"start":{"line":183,"column":0},"end":{"line":183,"column":45}},"183":{"start":{"line":184,"column":0},"end":{"line":184,"column":0}},"184":{"start":{"line":185,"column":0},"end":{"line":185,"column":52}},"185":{"start":{"line":186,"column":0},"end":{"line":186,"column":0}},"186":{"start":{"line":187,"column":0},"end":{"line":187,"column":5}},"187":{"start":{"line":188,"column":0},"end":{"line":188,"column":0}},"188":{"start":{"line":189,"column":0},"end":{"line":189,"column":42}},"189":{"start":{"line":190,"column":0},"end":{"line":190,"column":0}},"190":{"start":{"line":191,"column":0},"end":{"line":191,"column":59}},"191":{"start":{"line":192,"column":0},"end":{"line":192,"column":0}},"192":{"start":{"line":193,"column":0},"end":{"line":193,"column":30}},"193":{"start":{"line":194,"column":0},"end":{"line":194,"column":0}},"194":{"start":{"line":195,"column":0},"end":{"line":195,"column":0}},"195":{"start":{"line":196,"column":0},"end":{"line":196,"column":18}},"196":{"start":{"line":197,"column":0},"end":{"line":197,"column":0}},"197":{"start":{"line":198,"column":0},"end":{"line":198,"column":34}},"198":{"start":{"line":199,"column":0},"end":{"line":199,"column":35}},"199":{"start":{"line":200,"column":0},"end":{"line":200,"column":0}},"200":{"start":{"line":201,"column":0},"end":{"line":201,"column":39}},"201":{"start":{"line":202,"column":0},"end":{"line":202,"column":64}},"202":{"start":{"line":203,"column":0},"end":{"line":203,"column":35}},"203":{"start":{"line":204,"column":0},"end":{"line":204,"column":0}},"204":{"start":{"line":205,"column":0},"end":{"line":205,"column":29}},"205":{"start":{"line":206,"column":0},"end":{"line":206,"column":13}},"206":{"start":{"line":207,"column":0},"end":{"line":207,"column":0}},"207":{"start":{"line":208,"column":0},"end":{"line":208,"column":22}},"208":{"start":{"line":209,"column":0},"end":{"line":209,"column":16}},"209":{"start":{"line":210,"column":0},"end":{"line":210,"column":25}},"210":{"start":{"line":211,"column":0},"end":{"line":211,"column":9}},"211":{"start":{"line":212,"column":0},"end":{"line":212,"column":8}},"212":{"start":{"line":213,"column":0},"end":{"line":213,"column":0}},"213":{"start":{"line":214,"column":0},"end":{"line":214,"column":19}},"214":{"start":{"line":215,"column":0},"end":{"line":215,"column":0}},"215":{"start":{"line":216,"column":0},"end":{"line":216,"column":32}},"216":{"start":{"line":217,"column":0},"end":{"line":217,"column":0}},"217":{"start":{"line":218,"column":0},"end":{"line":218,"column":63}},"218":{"start":{"line":219,"column":0},"end":{"line":219,"column":68}},"219":{"start":{"line":220,"column":0},"end":{"line":220,"column":0}},"220":{"start":{"line":221,"column":0},"end":{"line":221,"column":49}},"221":{"start":{"line":222,"column":0},"end":{"line":222,"column":0}},"222":{"start":{"line":223,"column":0},"end":{"line":223,"column":57}},"223":{"start":{"line":224,"column":0},"end":{"line":224,"column":0}},"224":{"start":{"line":225,"column":0},"end":{"line":225,"column":9}},"225":{"start":{"line":226,"column":0},"end":{"line":226,"column":0}},"226":{"start":{"line":227,"column":0},"end":{"line":227,"column":17}},"227":{"start":{"line":228,"column":0},"end":{"line":228,"column":0}},"228":{"start":{"line":229,"column":0},"end":{"line":229,"column":5}},"229":{"start":{"line":230,"column":0},"end":{"line":230,"column":0}},"230":{"start":{"line":231,"column":0},"end":{"line":231,"column":1}},"231":{"start":{"line":232,"column":0},"end":{"line":232,"column":0}},"232":{"start":{"line":233,"column":0},"end":{"line":233,"column":0}},"233":{"start":{"line":234,"column":0},"end":{"line":234,"column":29}},"234":{"start":{"line":235,"column":0},"end":{"line":235,"column":0}},"235":{"start":{"line":236,"column":0},"end":{"line":236,"column":18}},"236":{"start":{"line":237,"column":0},"end":{"line":237,"column":0}},"237":{"start":{"line":238,"column":0},"end":{"line":238,"column":19}},"238":{"start":{"line":239,"column":0},"end":{"line":239,"column":0}},"239":{"start":{"line":240,"column":0},"end":{"line":240,"column":7}},"240":{"start":{"line":241,"column":0},"end":{"line":241,"column":28}},"241":{"start":{"line":242,"column":0},"end":{"line":242,"column":7}},"242":{"start":{"line":243,"column":0},"end":{"line":243,"column":34}},"243":{"start":{"line":244,"column":0},"end":{"line":244,"column":0}},"244":{"start":{"line":245,"column":0},"end":{"line":245,"column":19}},"245":{"start":{"line":246,"column":0},"end":{"line":246,"column":0}},"246":{"start":{"line":247,"column":0},"end":{"line":247,"column":16}},"247":{"start":{"line":248,"column":0},"end":{"line":248,"column":0}},"248":{"start":{"line":249,"column":0},"end":{"line":249,"column":22}},"249":{"start":{"line":250,"column":0},"end":{"line":250,"column":0}},"250":{"start":{"line":251,"column":0},"end":{"line":251,"column":14}},"251":{"start":{"line":252,"column":0},"end":{"line":252,"column":0}},"252":{"start":{"line":253,"column":0},"end":{"line":253,"column":62}},"253":{"start":{"line":254,"column":0},"end":{"line":254,"column":0}},"254":{"start":{"line":255,"column":0},"end":{"line":255,"column":23}},"255":{"start":{"line":256,"column":0},"end":{"line":256,"column":33}},"256":{"start":{"line":257,"column":0},"end":{"line":257,"column":27}},"257":{"start":{"line":258,"column":0},"end":{"line":258,"column":33}},"258":{"start":{"line":259,"column":0},"end":{"line":259,"column":40}},"259":{"start":{"line":260,"column":0},"end":{"line":260,"column":31}},"260":{"start":{"line":261,"column":0},"end":{"line":261,"column":29}},"261":{"start":{"line":262,"column":0},"end":{"line":262,"column":5}},"262":{"start":{"line":263,"column":0},"end":{"line":263,"column":0}},"263":{"start":{"line":264,"column":0},"end":{"line":264,"column":19}},"264":{"start":{"line":265,"column":0},"end":{"line":265,"column":76}},"265":{"start":{"line":266,"column":0},"end":{"line":266,"column":5}},"266":{"start":{"line":267,"column":0},"end":{"line":267,"column":0}},"267":{"start":{"line":268,"column":0},"end":{"line":268,"column":1}},"268":{"start":{"line":269,"column":0},"end":{"line":269,"column":0}},"269":{"start":{"line":270,"column":0},"end":{"line":270,"column":29}},"270":{"start":{"line":271,"column":0},"end":{"line":271,"column":16}},"271":{"start":{"line":272,"column":0},"end":{"line":272,"column":0}},"272":{"start":{"line":273,"column":0},"end":{"line":273,"column":17}},"273":{"start":{"line":274,"column":0},"end":{"line":274,"column":0}},"274":{"start":{"line":275,"column":0},"end":{"line":275,"column":38}},"275":{"start":{"line":276,"column":0},"end":{"line":276,"column":0}},"276":{"start":{"line":277,"column":0},"end":{"line":277,"column":17}},"277":{"start":{"line":278,"column":0},"end":{"line":278,"column":0}},"278":{"start":{"line":279,"column":0},"end":{"line":279,"column":22}},"279":{"start":{"line":280,"column":0},"end":{"line":280,"column":0}},"280":{"start":{"line":281,"column":0},"end":{"line":281,"column":14}},"281":{"start":{"line":282,"column":0},"end":{"line":282,"column":0}},"282":{"start":{"line":283,"column":0},"end":{"line":283,"column":55}},"283":{"start":{"line":284,"column":0},"end":{"line":284,"column":0}},"284":{"start":{"line":285,"column":0},"end":{"line":285,"column":23}},"285":{"start":{"line":286,"column":0},"end":{"line":286,"column":33}},"286":{"start":{"line":287,"column":0},"end":{"line":287,"column":27}},"287":{"start":{"line":288,"column":0},"end":{"line":288,"column":48}},"288":{"start":{"line":289,"column":0},"end":{"line":289,"column":29}},"289":{"start":{"line":290,"column":0},"end":{"line":290,"column":29}},"290":{"start":{"line":291,"column":0},"end":{"line":291,"column":0}},"291":{"start":{"line":292,"column":0},"end":{"line":292,"column":5}},"292":{"start":{"line":293,"column":0},"end":{"line":293,"column":0}},"293":{"start":{"line":294,"column":0},"end":{"line":294,"column":23}},"294":{"start":{"line":295,"column":0},"end":{"line":295,"column":80}},"295":{"start":{"line":296,"column":0},"end":{"line":296,"column":5}},"296":{"start":{"line":297,"column":0},"end":{"line":297,"column":0}},"297":{"start":{"line":298,"column":0},"end":{"line":298,"column":1}},"298":{"start":{"line":299,"column":0},"end":{"line":299,"column":0}},"299":{"start":{"line":300,"column":0},"end":{"line":300,"column":30}},"300":{"start":{"line":301,"column":0},"end":{"line":301,"column":0}},"301":{"start":{"line":302,"column":0},"end":{"line":302,"column":15}},"302":{"start":{"line":303,"column":0},"end":{"line":303,"column":17}},"303":{"start":{"line":304,"column":0},"end":{"line":304,"column":22}},"304":{"start":{"line":305,"column":0},"end":{"line":305,"column":20}},"305":{"start":{"line":306,"column":0},"end":{"line":306,"column":16}},"306":{"start":{"line":307,"column":0},"end":{"line":307,"column":17}},"307":{"start":{"line":308,"column":0},"end":{"line":308,"column":24}},"308":{"start":{"line":309,"column":0},"end":{"line":309,"column":23}},"309":{"start":{"line":310,"column":0},"end":{"line":310,"column":0}},"310":{"start":{"line":311,"column":0},"end":{"line":311,"column":56}},"311":{"start":{"line":312,"column":0},"end":{"line":312,"column":0}},"312":{"start":{"line":313,"column":0},"end":{"line":313,"column":23}},"313":{"start":{"line":314,"column":0},"end":{"line":314,"column":27}},"314":{"start":{"line":315,"column":0},"end":{"line":315,"column":37}},"315":{"start":{"line":316,"column":0},"end":{"line":316,"column":31}},"316":{"start":{"line":317,"column":0},"end":{"line":317,"column":25}},"317":{"start":{"line":318,"column":0},"end":{"line":318,"column":27}},"318":{"start":{"line":319,"column":0},"end":{"line":319,"column":41}},"319":{"start":{"line":320,"column":0},"end":{"line":320,"column":33}},"320":{"start":{"line":321,"column":0},"end":{"line":321,"column":0}},"321":{"start":{"line":322,"column":0},"end":{"line":322,"column":5}},"322":{"start":{"line":323,"column":0},"end":{"line":323,"column":0}},"323":{"start":{"line":324,"column":0},"end":{"line":324,"column":28}},"324":{"start":{"line":325,"column":0},"end":{"line":325,"column":72}},"325":{"start":{"line":326,"column":0},"end":{"line":326,"column":28}},"326":{"start":{"line":327,"column":0},"end":{"line":327,"column":11}},"327":{"start":{"line":328,"column":0},"end":{"line":328,"column":5}},"328":{"start":{"line":329,"column":0},"end":{"line":329,"column":0}},"329":{"start":{"line":330,"column":0},"end":{"line":330,"column":1}}},"s":{"0":1,"1":1,"2":1,"3":1,"4":1,"5":1,"6":1,"7":1,"8":1,"9":1,"10":1,"11":1,"12":1,"13":1,"14":1,"15":1,"16":1,"17":1,"18":1,"19":1,"20":1,"21":1,"22":1,"23":1,"24":1,"25":1,"26":1,"27":1,"28":1,"29":1,"30":1,"31":1,"32":1,"33":1,"34":1,"35":1,"36":1,"37":1,"38":1,"39":1,"40":1,"41":1,"42":1,"43":1,"44":1,"45":81,"46":81,"47":81,"48":81,"49":81,"50":81,"51":81,"52":81,"53":81,"54":81,"55":81,"56":81,"57":81,"58":81,"59":81,"60":81,"61":81,"62":81,"63":81,"64":81,"65":81,"66":81,"67":81,"68":81,"69":81,"70":81,"71":81,"72":81,"73":81,"74":81,"75":1,"76":1,"77":2,"78":2,"79":2,"80":2,"81":1,"82":1,"83":1,"84":1,"85":1,"86":1,"87":1,"88":1,"89":1,"90":1,"91":10,"92":10,"93":10,"94":10,"95":10,"96":10,"97":10,"98":10,"99":1,"100":1,"101":1,"102":1,"103":1,"104":1,"105":1,"106":1,"107":1,"108":1,"109":1,"110":1,"111":1,"112":1,"113":10,"114":10,"115":10,"116":10,"117":1,"118":1,"119":1,"120":1,"121":1,"122":1,"123":2,"124":2,"125":2,"126":2,"127":1,"128":1,"129":1,"130":1,"131":1,"132":1,"133":1,"134":1,"135":1,"136":1,"137":1,"138":1,"139":1,"140":10,"141":10,"142":10,"143":10,"144":1,"145":1,"146":1,"147":1,"148":1,"149":1,"150":2,"151":2,"152":2,"153":2,"154":2,"155":2,"156":2,"157":2,"158":1,"159":1,"160":1,"161":1,"162":1,"163":1,"164":1,"165":1,"166":1,"167":12,"168":12,"169":1,"170":1,"171":1,"172":1,"173":1,"174":18,"175":18,"176":18,"177":18,"178":17,"179":17,"180":17,"181":17,"182":18,"183":17,"184":17,"185":17,"186":17,"187":1,"188":1,"189":5,"190":5,"191":5,"192":5,"193":5,"194":5,"195":5,"196":5,"197":5,"198":1,"199":1,"200":1,"201":10,"202":10,"203":10,"204":10,"205":10,"206":1,"207":1,"208":5,"209":4,"210":4,"211":5,"212":5,"213":5,"214":5,"215":5,"216":50,"217":50,"218":50,"219":50,"220":50,"221":50,"222":50,"223":50,"224":50,"225":5,"226":5,"227":5,"228":5,"229":1,"230":1,"231":1,"232":1,"233":1,"234":1,"235":1,"236":1,"237":1,"238":1,"239":1,"240":1,"241":1,"242":1,"243":1,"244":1,"245":1,"246":1,"247":1,"248":1,"249":1,"250":1,"251":1,"252":1,"253":11,"254":11,"255":11,"256":11,"257":11,"258":11,"259":11,"260":11,"261":11,"262":1,"263":1,"264":1,"265":1,"266":1,"267":1,"268":1,"269":1,"270":1,"271":1,"272":1,"273":1,"274":1,"275":1,"276":1,"277":1,"278":1,"279":1,"280":1,"281":1,"282":1,"283":12,"284":12,"285":12,"286":12,"287":12,"288":12,"289":12,"290":12,"291":12,"292":1,"293":1,"294":1,"295":1,"296":1,"297":1,"298":1,"299":1,"300":1,"301":1,"302":1,"303":1,"304":1,"305":1,"306":1,"307":1,"308":1,"309":1,"310":1,"311":12,"312":12,"313":12,"314":12,"315":12,"316":12,"317":12,"318":12,"319":12,"320":12,"321":12,"322":1,"323":1,"324":1,"325":1,"326":1,"327":1,"328":1,"329":1},"branchMap":{"0":{"type":"branch","line":45,"loc":{"start":{"line":45,"column":4},"end":{"line":75,"column":5}},"locations":[{"start":{"line":45,"column":4},"end":{"line":75,"column":5}}]},"1":{"type":"branch","line":77,"loc":{"start":{"line":77,"column":10},"end":{"line":81,"column":5}},"locations":[{"start":{"line":77,"column":10},"end":{"line":81,"column":5}}]},"2":{"type":"branch","line":83,"loc":{"start":{"line":83,"column":10},"end":{"line":103,"column":5}},"locations":[{"start":{"line":83,"column":10},"end":{"line":103,"column":5}}]},"3":{"type":"branch","line":87,"loc":{"start":{"line":87,"column":18},"end":{"line":87,"column":30}},"locations":[{"start":{"line":87,"column":18},"end":{"line":87,"column":30}}]},"4":{"type":"branch","line":91,"loc":{"start":{"line":91,"column":29},"end":{"line":99,"column":9}},"locations":[{"start":{"line":91,"column":29},"end":{"line":99,"column":9}}]},"5":{"type":"branch","line":95,"loc":{"start":{"line":95,"column":24},"end":{"line":95,"column":33}},"locations":[{"start":{"line":95,"column":24},"end":{"line":95,"column":33}}]},"6":{"type":"branch","line":105,"loc":{"start":{"line":105,"column":10},"end":{"line":121,"column":5}},"locations":[{"start":{"line":105,"column":10},"end":{"line":121,"column":5}}]},"7":{"type":"branch","line":109,"loc":{"start":{"line":109,"column":18},"end":{"line":109,"column":30}},"locations":[{"start":{"line":109,"column":18},"end":{"line":109,"column":30}}]},"8":{"type":"branch","line":113,"loc":{"start":{"line":113,"column":29},"end":{"line":117,"column":9}},"locations":[{"start":{"line":113,"column":29},"end":{"line":117,"column":9}}]},"9":{"type":"branch","line":123,"loc":{"start":{"line":123,"column":10},"end":{"line":131,"column":5}},"locations":[{"start":{"line":123,"column":10},"end":{"line":131,"column":5}}]},"10":{"type":"branch","line":127,"loc":{"start":{"line":127,"column":61},"end":{"line":131,"column":5}},"locations":[{"start":{"line":127,"column":61},"end":{"line":131,"column":5}}]},"11":{"type":"branch","line":133,"loc":{"start":{"line":133,"column":10},"end":{"line":148,"column":5}},"locations":[{"start":{"line":133,"column":10},"end":{"line":148,"column":5}}]},"12":{"type":"branch","line":136,"loc":{"start":{"line":136,"column":18},"end":{"line":136,"column":30}},"locations":[{"start":{"line":136,"column":18},"end":{"line":136,"column":30}}]},"13":{"type":"branch","line":140,"loc":{"start":{"line":140,"column":29},"end":{"line":144,"column":9}},"locations":[{"start":{"line":140,"column":29},"end":{"line":144,"column":9}}]},"14":{"type":"branch","line":150,"loc":{"start":{"line":150,"column":10},"end":{"line":158,"column":5}},"locations":[{"start":{"line":150,"column":10},"end":{"line":158,"column":5}}]},"15":{"type":"branch","line":154,"loc":{"start":{"line":154,"column":17},"end":{"line":154,"column":29}},"locations":[{"start":{"line":154,"column":17},"end":{"line":154,"column":29}}]},"16":{"type":"branch","line":160,"loc":{"start":{"line":160,"column":4},"end":{"line":162,"column":5}},"locations":[{"start":{"line":160,"column":4},"end":{"line":162,"column":5}}]},"17":{"type":"branch","line":164,"loc":{"start":{"line":164,"column":4},"end":{"line":172,"column":5}},"locations":[{"start":{"line":164,"column":4},"end":{"line":172,"column":5}}]},"18":{"type":"branch","line":167,"loc":{"start":{"line":167,"column":54},"end":{"line":169,"column":9}},"locations":[{"start":{"line":167,"column":54},"end":{"line":169,"column":9}}]},"19":{"type":"branch","line":174,"loc":{"start":{"line":174,"column":17},"end":{"line":187,"column":5}},"locations":[{"start":{"line":174,"column":17},"end":{"line":187,"column":5}}]},"20":{"type":"branch","line":178,"loc":{"start":{"line":178,"column":56},"end":{"line":178,"column":68}},"locations":[{"start":{"line":178,"column":56},"end":{"line":178,"column":68}}]},"21":{"type":"branch","line":179,"loc":{"start":{"line":179,"column":-2},"end":{"line":183,"column":31}},"locations":[{"start":{"line":179,"column":-2},"end":{"line":183,"column":31}}]},"22":{"type":"branch","line":183,"loc":{"start":{"line":183,"column":33},"end":{"line":183,"column":45}},"locations":[{"start":{"line":183,"column":33},"end":{"line":183,"column":45}}]},"23":{"type":"branch","line":184,"loc":{"start":{"line":184,"column":-2},"end":{"line":187,"column":5}},"locations":[{"start":{"line":184,"column":-2},"end":{"line":187,"column":5}}]},"24":{"type":"branch","line":189,"loc":{"start":{"line":189,"column":17},"end":{"line":229,"column":5}},"locations":[{"start":{"line":189,"column":17},"end":{"line":229,"column":5}}]},"25":{"type":"branch","line":193,"loc":{"start":{"line":193,"column":18},"end":{"line":193,"column":30}},"locations":[{"start":{"line":193,"column":18},"end":{"line":193,"column":30}}]},"26":{"type":"branch","line":198,"loc":{"start":{"line":198,"column":33},"end":{"line":209,"column":15}},"locations":[{"start":{"line":198,"column":33},"end":{"line":209,"column":15}}]},"27":{"type":"branch","line":201,"loc":{"start":{"line":201,"column":38},"end":{"line":206,"column":13}},"locations":[{"start":{"line":201,"column":38},"end":{"line":206,"column":13}}]},"28":{"type":"branch","line":203,"loc":{"start":{"line":203,"column":26},"end":{"line":203,"column":35}},"locations":[{"start":{"line":203,"column":26},"end":{"line":203,"column":35}}]},"29":{"type":"branch","line":209,"loc":{"start":{"line":209,"column":9},"end":{"line":211,"column":9}},"locations":[{"start":{"line":209,"column":9},"end":{"line":211,"column":9}}]},"30":{"type":"branch","line":216,"loc":{"start":{"line":216,"column":31},"end":{"line":225,"column":9}},"locations":[{"start":{"line":216,"column":31},"end":{"line":225,"column":9}}]},"31":{"type":"branch","line":221,"loc":{"start":{"line":221,"column":37},"end":{"line":221,"column":49}},"locations":[{"start":{"line":221,"column":37},"end":{"line":221,"column":49}}]},"32":{"type":"branch","line":253,"loc":{"start":{"line":253,"column":4},"end":{"line":262,"column":5}},"locations":[{"start":{"line":253,"column":4},"end":{"line":262,"column":5}}]},"33":{"type":"branch","line":264,"loc":{"start":{"line":264,"column":4},"end":{"line":266,"column":5}},"locations":[{"start":{"line":264,"column":4},"end":{"line":266,"column":5}}]},"34":{"type":"branch","line":283,"loc":{"start":{"line":283,"column":4},"end":{"line":292,"column":5}},"locations":[{"start":{"line":283,"column":4},"end":{"line":292,"column":5}}]},"35":{"type":"branch","line":294,"loc":{"start":{"line":294,"column":4},"end":{"line":296,"column":5}},"locations":[{"start":{"line":294,"column":4},"end":{"line":296,"column":5}}]},"36":{"type":"branch","line":311,"loc":{"start":{"line":311,"column":4},"end":{"line":322,"column":5}},"locations":[{"start":{"line":311,"column":4},"end":{"line":322,"column":5}}]},"37":{"type":"branch","line":324,"loc":{"start":{"line":324,"column":10},"end":{"line":328,"column":5}},"locations":[{"start":{"line":324,"column":10},"end":{"line":328,"column":5}}]}},"b":{"0":[81],"1":[2],"2":[1],"3":[0],"4":[10],"5":[0],"6":[1],"7":[0],"8":[10],"9":[2],"10":[1],"11":[1],"12":[0],"13":[10],"14":[2],"15":[0],"16":[1],"17":[1],"18":[12],"19":[18],"20":[1],"21":[17],"22":[0],"23":[17],"24":[5],"25":[0],"26":[1],"27":[10],"28":[0],"29":[4],"30":[50],"31":[0],"32":[11],"33":[1],"34":[12],"35":[1],"36":[12],"37":[1]},"fnMap":{"0":{"name":"Resource","decl":{"start":{"line":45,"column":4},"end":{"line":75,"column":5}},"loc":{"start":{"line":45,"column":4},"end":{"line":75,"column":5}},"line":45},"1":{"name":"getDownloadUrl","decl":{"start":{"line":77,"column":10},"end":{"line":81,"column":5}},"loc":{"start":{"line":77,"column":10},"end":{"line":81,"column":5}},"line":77},"2":{"name":"getReviews","decl":{"start":{"line":83,"column":10},"end":{"line":103,"column":5}},"loc":{"start":{"line":83,"column":10},"end":{"line":103,"column":5}},"line":83},"3":{"name":"getUpdates","decl":{"start":{"line":105,"column":10},"end":{"line":121,"column":5}},"loc":{"start":{"line":105,"column":10},"end":{"line":121,"column":5}},"line":105},"4":{"name":"getUpdate","decl":{"start":{"line":123,"column":10},"end":{"line":131,"column":5}},"loc":{"start":{"line":123,"column":10},"end":{"line":131,"column":5}},"line":123},"5":{"name":"getVersions","decl":{"start":{"line":133,"column":10},"end":{"line":148,"column":5}},"loc":{"start":{"line":133,"column":10},"end":{"line":148,"column":5}},"line":133},"6":{"name":"getVersion","decl":{"start":{"line":150,"column":10},"end":{"line":158,"column":5}},"loc":{"start":{"line":150,"column":10},"end":{"line":158,"column":5}},"line":150},"7":{"name":"get description","decl":{"start":{"line":160,"column":4},"end":{"line":162,"column":5}},"loc":{"start":{"line":160,"column":4},"end":{"line":162,"column":5}},"line":160},"8":{"name":"get links","decl":{"start":{"line":164,"column":4},"end":{"line":172,"column":5}},"loc":{"start":{"line":164,"column":4},"end":{"line":172,"column":5}},"line":164},"9":{"name":"findByID","decl":{"start":{"line":174,"column":17},"end":{"line":187,"column":5}},"loc":{"start":{"line":174,"column":17},"end":{"line":187,"column":5}},"line":174},"10":{"name":"findAll","decl":{"start":{"line":189,"column":17},"end":{"line":229,"column":5}},"loc":{"start":{"line":189,"column":17},"end":{"line":229,"column":5}},"line":189},"11":{"name":"ResourceReview","decl":{"start":{"line":253,"column":4},"end":{"line":262,"column":5}},"loc":{"start":{"line":253,"column":4},"end":{"line":262,"column":5}},"line":253},"12":{"name":"get message","decl":{"start":{"line":264,"column":4},"end":{"line":266,"column":5}},"loc":{"start":{"line":264,"column":4},"end":{"line":266,"column":5}},"line":264},"13":{"name":"ResourceUpdate","decl":{"start":{"line":283,"column":4},"end":{"line":292,"column":5}},"loc":{"start":{"line":283,"column":4},"end":{"line":292,"column":5}},"line":283},"14":{"name":"get description","decl":{"start":{"line":294,"column":4},"end":{"line":296,"column":5}},"loc":{"start":{"line":294,"column":4},"end":{"line":296,"column":5}},"line":294},"15":{"name":"ResourceVersion","decl":{"start":{"line":311,"column":4},"end":{"line":322,"column":5}},"loc":{"start":{"line":311,"column":4},"end":{"line":322,"column":5}},"line":311},"16":{"name":"getDownloadURL","decl":{"start":{"line":324,"column":10},"end":{"line":328,"column":5}},"loc":{"start":{"line":324,"column":10},"end":{"line":328,"column":5}},"line":324}},"f":{"0":81,"1":2,"2":1,"3":1,"4":2,"5":1,"6":2,"7":1,"8":1,"9":18,"10":5,"11":11,"12":1,"13":12,"14":1,"15":12,"16":1}}
,"C:\\nodejs\\spiget-api\\src\\class\\SpigetAPI.ts": {"path":"C:\\nodejs\\spiget-api\\src\\class\\SpigetAPI.ts","all":false,"statementMap":{"0":{"start":{"line":1,"column":0},"end":{"line":1,"column":47}},"1":{"start":{"line":2,"column":0},"end":{"line":2,"column":51}},"2":{"start":{"line":3,"column":0},"end":{"line":3,"column":56}},"3":{"start":{"line":4,"column":0},"end":{"line":4,"column":58}},"4":{"start":{"line":5,"column":0},"end":{"line":5,"column":34}},"5":{"start":{"line":6,"column":0},"end":{"line":6,"column":38}},"6":{"start":{"line":7,"column":0},"end":{"line":7,"column":38}},"7":{"start":{"line":8,"column":0},"end":{"line":8,"column":0}},"8":{"start":{"line":9,"column":0},"end":{"line":9,"column":0}},"9":{"start":{"line":10,"column":0},"end":{"line":10,"column":24}},"10":{"start":{"line":11,"column":0},"end":{"line":11,"column":0}},"11":{"start":{"line":12,"column":0},"end":{"line":12,"column":22}},"12":{"start":{"line":13,"column":0},"end":{"line":13,"column":0}},"13":{"start":{"line":14,"column":0},"end":{"line":14,"column":36}},"14":{"start":{"line":15,"column":0},"end":{"line":15,"column":0}},"15":{"start":{"line":16,"column":0},"end":{"line":16,"column":37}},"16":{"start":{"line":17,"column":0},"end":{"line":17,"column":54}},"17":{"start":{"line":18,"column":0},"end":{"line":18,"column":0}},"18":{"start":{"line":19,"column":0},"end":{"line":19,"column":5}},"19":{"start":{"line":20,"column":0},"end":{"line":20,"column":0}},"20":{"start":{"line":21,"column":0},"end":{"line":21,"column":36}},"21":{"start":{"line":22,"column":0},"end":{"line":22,"column":0}},"22":{"start":{"line":23,"column":0},"end":{"line":23,"column":41}},"23":{"start":{"line":24,"column":0},"end":{"line":24,"column":0}},"24":{"start":{"line":25,"column":0},"end":{"line":25,"column":5}},"25":{"start":{"line":26,"column":0},"end":{"line":26,"column":0}},"26":{"start":{"line":27,"column":0},"end":{"line":27,"column":55}},"27":{"start":{"line":28,"column":0},"end":{"line":28,"column":0}},"28":{"start":{"line":29,"column":0},"end":{"line":29,"column":45}},"29":{"start":{"line":30,"column":0},"end":{"line":30,"column":0}},"30":{"start":{"line":31,"column":0},"end":{"line":31,"column":5}},"31":{"start":{"line":32,"column":0},"end":{"line":32,"column":0}},"32":{"start":{"line":33,"column":0},"end":{"line":33,"column":38}},"33":{"start":{"line":34,"column":0},"end":{"line":34,"column":0}},"34":{"start":{"line":35,"column":0},"end":{"line":35,"column":43}},"35":{"start":{"line":36,"column":0},"end":{"line":36,"column":0}},"36":{"start":{"line":37,"column":0},"end":{"line":37,"column":5}},"37":{"start":{"line":38,"column":0},"end":{"line":38,"column":0}},"38":{"start":{"line":39,"column":0},"end":{"line":39,"column":60}},"39":{"start":{"line":40,"column":0},"end":{"line":40,"column":0}},"40":{"start":{"line":41,"column":0},"end":{"line":41,"column":47}},"41":{"start":{"line":42,"column":0},"end":{"line":42,"column":0}},"42":{"start":{"line":43,"column":0},"end":{"line":43,"column":5}},"43":{"start":{"line":44,"column":0},"end":{"line":44,"column":0}},"44":{"start":{"line":45,"column":0},"end":{"line":45,"column":40}},"45":{"start":{"line":46,"column":0},"end":{"line":46,"column":47}},"46":{"start":{"line":47,"column":0},"end":{"line":47,"column":5}},"47":{"start":{"line":48,"column":0},"end":{"line":48,"column":0}},"48":{"start":{"line":49,"column":0},"end":{"line":49,"column":34}},"49
[...]
125,"column":0},"end":{"line":125,"column":0}},"125":{"start":{"line":126,"column":0},"end":{"line":126,"column":44}},"126":{"start":{"line":127,"column":0},"end":{"line":127,"column":0}},"127":{"start":{"line":128,"column":0},"end":{"line":128,"column":33}},"128":{"start":{"line":129,"column":0},"end":{"line":129,"column":26}},"129":{"start":{"line":130,"column":0},"end":{"line":130,"column":49}},"130":{"start":{"line":131,"column":0},"end":{"line":131,"column":18}},"131":{"start":{"line":132,"column":0},"end":{"line":132,"column":11}},"132":{"start":{"line":133,"column":0},"end":{"line":133,"column":0}},"133":{"start":{"line":134,"column":0},"end":{"line":134,"column":49}},"134":{"start":{"line":135,"column":0},"end":{"line":135,"column":0}},"135":{"start":{"line":136,"column":0},"end":{"line":136,"column":19}},"136":{"start":{"line":137,"column":0},"end":{"line":137,"column":0}},"137":{"start":{"line":138,"column":0},"end":{"line":138,"column":5}},"138":{"start":{"line":139,"column":0},"end":{"line":139,"column":0}},"139":{"start":{"line":140,"column":0},"end":{"line":140,"column":114}},"140":{"start":{"line":141,"column":0},"end":{"line":141,"column":0}},"141":{"start":{"line":142,"column":0},"end":{"line":142,"column":47}},"142":{"start":{"line":143,"column":0},"end":{"line":143,"column":0}},"143":{"start":{"line":144,"column":0},"end":{"line":144,"column":33}},"144":{"start":{"line":145,"column":0},"end":{"line":145,"column":26}},"145":{"start":{"line":146,"column":0},"end":{"line":146,"column":62}},"146":{"start":{"line":147,"column":0},"end":{"line":147,"column":21}},"147":{"start":{"line":148,"column":0},"end":{"line":148,"column":11}},"148":{"start":{"line":149,"column":0},"end":{"line":149,"column":0}},"149":{"start":{"line":150,"column":0},"end":{"line":150,"column":49}},"150":{"start":{"line":151,"column":0},"end":{"line":151,"column":0}},"151":{"start":{"line":152,"column":0},"end":{"line":152,"column":19}},"152":{"start":{"line":153,"column":0},"end":{"line":153,"column":0}},"153":{"start":{"line":154,"column":0},"end":{"line":154,"column":5}},"154":{"start":{"line":155,"column":0},"end":{"line":155,"column":0}},"155":{"start":{"line":156,"column":0},"end":{"line":156,"column":60}},"156":{"start":{"line":157,"column":0},"end":{"line":157,"column":35}},"157":{"start":{"line":158,"column":0},"end":{"line":158,"column":47}},"158":{"start":{"line":159,"column":0},"end":{"line":159,"column":0}},"159":{"start":{"line":160,"column":0},"end":{"line":160,"column":32}},"160":{"start":{"line":161,"column":0},"end":{"line":161,"column":0}},"161":{"start":{"line":162,"column":0},"end":{"line":162,"column":50}},"162":{"start":{"line":163,"column":0},"end":{"line":163,"column":0}},"163":{"start":{"line":164,"column":0},"end":{"line":164,"column":35}},"164":{"start":{"line":165,"column":0},"end":{"line":165,"column":0}},"165":{"start":{"line":166,"column":0},"end":{"line":166,"column":53}},"166":{"start":{"line":167,"column":0},"end":{"line":167,"column":0}},"167":{"start":{"line":168,"column":0},"end":{"line":168,"column":22}},"168":{"start":{"line":169,"column":0},"end":{"line":169,"column":34}},"169":{"start":{"line":170,"column":0},"end":{"line":170,"column":16}},"170":{"start":{"line":171,"column":0},"end":{"line":171,"column":41}},"171":{"start":{"line":172,"column":0},"end":{"line":172,"column":0}},"172":{"start":{"line":173,"column":0},"end":{"line":173,"column":147}},"173":{"start":{"line":174,"column":0},"end":{"line":174,"column":0}},"174":{"start":{"line":175,"column":0},"end":{"line":175,"column":52}},"175":{"start":{"line":176,"column":0},"end":{"line":176,"column":0}},"176":{"start":{"line":177,"column":0},"end":{"line":177,"column":84}},"177":{"start":{"line":178,"column":0},"end":{"line":178,"column":0}},"178":{"start":{"line":179,"column":0},"end":{"line":179,"column":48}},"179":{"start":{"line":180,"column":0},"end":{"line":180,"column":0}},"180":{"start":{"line":181,"column":0},"end":{"line":181,"column":21}},"181":{"start":{"line":182,"column":0},"end":{"line":182,"column":0}},"182":{"start":{"line":183,"column":0},"end":{"line":183,"column":84}},"183":{"start":{"line":184,"column":0},"end":{"line":184,"column":0}},"184":{"start":{"line":185,"column":0},"end":{"line":185,"column":68}},"185":{"start":{"line":186,"column":0},"end":{"line":186,"column":0}},"186":{"start":{"line":187,"column":0},"end":{"line":187,"column":34}},"187":{"start":{"line":188,"column":0},"end":{"line":188,"column":74}},"188":{"start":{"line":189,"column":0},"end":{"line":189,"column":22}},"189":{"start":{"line":190,"column":0},"end":{"line":190,"column":0}},"190":{"start":{"line":191,"column":0},"end":{"line":191,"column":28}},"191":{"start":{"line":192,"column":0},"end":{"line":192,"column":34}},"192":{"start":{"line":193,"column":0},"end":{"line":193,"column":28}},"193":{"start":{"line":194,"column":0},"end":{"line":194,"column":22}},"194":{"start":{"line":195,"column":0},"end":{"line":195,"column":0}},"195":{"start":{"line":196,"column":0},"end":{"line":196,"column":17}},"196":{"start":{"line":197,"column":0},"end":{"line":197,"column":16}},"197":{"start":{"line":198,"column":0},"end":{"line":198,"column":89}},"198":{"start":{"line":199,"column":0},"end":{"line":199,"column":13}},"199":{"start":{"line":200,"column":0},"end":{"line":200,"column":9}},"200":{"start":{"line":201,"column":0},"end":{"line":201,"column":0}},"201":{"start":{"line":202,"column":0},"end":{"line":202,"column":0}},"202":{"start":{"line":203,"column":0},"end":{"line":203,"column":0}},"203":{"start":{"line":204,"column":0},"end":{"line":204,"column":33}},"204":{"start":{"line":205,"column":0},"end":{"line":205,"column":26}},"205":{"start":{"line":206,"column":0},"end":{"line":206,"column":24}},"206":{"start":{"line":207,"column":0},"end":{"line":207,"column":34}},"207":{"start":{"line":208,"column":0},"end":{"line":208,"column":11}},"208":{"start":{"line":209,"column":0},"end":{"line":209,"column":0}},"209":{"start":{"line":210,"column":0},"end":{"line":210,"column":49}},"210":{"start":{"line":211,"column":0},"end":{"line":211,"column":0}},"211":{"start":{"line":212,"column":0},"end":{"line":212,"column":44}},"212":{"start":{"line":213,"column":0},"end":{"line":213,"column":0}},"213":{"start":{"line":214,"column":0},"end":{"line":214,"column":55}},"214":{"start":{"line":215,"column":0},"end":{"line":215,"column":0}},"215":{"start":{"line":216,"column":0},"end":{"line":216,"column":43}},"216":{"start":{"line":217,"column":0},"end":{"line":217,"column":38}},"217":{"start":{"line":218,"column":0},"end":{"line":218,"column":0}},"218":{"start":{"line":219,"column":0},"end":{"line":219,"column":44}},"219":{"start":{"line":220,"column":0},"end":{"line":220,"column":0}},"220":{"start":{"line":221,"column":0},"end":{"line":221,"column":76}},"221":{"start":{"line":222,"column":0},"end":{"line":222,"column":0}},"222":{"start":{"line":223,"column":0},"end":{"line":223,"column":40}},"223":{"start":{"line":224,"column":0},"end":{"line":224,"column":0}},"224":{"start":{"line":225,"column":0},"end":{"line":225,"column":13}},"225":{"start":{"line":226,"column":0},"end":{"line":226,"column":0}},"226":{"start":{"line":227,"column":0},"end":{"line":227,"column":76}},"227":{"start":{"line":228,"column":0},"end":{"line":228,"column":0}},"228":{"start":{"line":229,"column":0},"end":{"line":229,"column":60}},"229":{"start":{"line":230,"column":0},"end":{"line":230,"column":0}},"230":{"start":{"line":231,"column":0},"end":{"line":231,"column":26}},"231":{"start":{"line":232,"column":0},"end":{"line":232,"column":66}},"232":{"start":{"line":233,"column":0},"end":{"line":233,"column":14}},"233":{"start":{"line":234,"column":0},"end":{"line":234,"column":0}},"234":{"start":{"line":235,"column":0},"end":{"line":235,"column":20}},"235":{"start":{"line":236,"column":0},"end":{"line":236,"column":26}},"236":{"start":{"line":237,"column":0},"end":{"line":237,"column":20}},"237":{"start":{"line":238,"column":0},"end":{"line":238,"column":14}},"238":{"start":{"line":239,"column":0},"end":{"line":239,"column":10}},"239":{"start":{"line":240,"column":0},"end":{"line":240,"column":0}},"240":{"start":{"line":241,"column":0},"end":{"line":241,"column":39}},"241":{"start":{"line":242,"column":0},"end":{"line":242,"column":0}},"242":{"start":{"line":243,"column":0},"end":{"line":243,"column":82}},"243":{"start":{"line":244,"column":0},"end":{"line":244,"column":0}},"244":{"start":{"line":245,"column":0},"end":{"line":245,"column":34}},"245":{"start":{"line":246,"column":0},"end":{"line":246,"column":9}},"246":{"start":{"line":247,"column":0},"end":{"line":247,"column":0}},"247":{"start":{"line":248,"column":0},"end":{"line":248,"column":20}},"248":{"start":{"line":249,"column":0},"end":{"line":249,"column":0}},"249":{"start":{"line":250,"column":0},"end":{"line":250,"column":5}},"250":{"start":{"line":251,"column":0},"end":{"line":251,"column":0}},"251":{"start":{"line":252,"column":0},"end":{"line":252,"column":1}}},"s":{"0":1,"1":1,"2":1,"3":1,"4":1,"5":1,"6":1,"7":1,"8":1,"9":1,"10":1,"11":1,"12":1,"13":1,"14":1,"15":1,"16":5,"17":5,"18":5,"19":5,"20":4,"21":3,"22":3,"23":3,"24":1,"25":1,"26":3,"27":1,"28":1,"29":3,"30":1,"31":1,"32":3,"33":3,"34":3,"35":4,"36":1,"37":1,"38":1,"39":4,"40":4,"41":4,"42":5,"43":5,"44":5,"45":5,"46":5,"47":5,"48":5,"49":5,"50":5,"51":5,"52":5,"53":5,"54":5,"55":5,"56":1,"57":1,"58":31,"59":31,"60":31,"61":31,"62":31,"63":31,"64":31,"65":31,"66":31,"67":31,"68":31,"69":31,"70":31,"71":31,"72":1,"73":1,"74":1,"75":1,"76":1,"77":1,"78":1,"79":1,"80":1,"81":1,"82":1,"83":1,"84":1,"85":1,"86":1,"87":1,"88":1,"89":1,"90":1,"91":1,"92":1,"93":1,"94":1,"95":1,"96":1,"97":1,"98":1,"99":1,"100":1,"101":1,"102":1,"103":1,"104":1,"105":1,"106":2,"107":2,"108":2,"109":2,"110":2,"111":2,"112":2,"113":2,"114":2,"115":2,"116":2,"117":2,"118":2,"119":2,"120":2,"121":2,"122":1,"123":1,"124":1,"125":1,"126":1,"127":1,"128":1,"129":1,"130":1,"131":1,"132":1,"133":1,"134":1,"135":1,"136":1,"137":1,"138":1,"139":1,"140":4,"141":4,"142":4,"143":4,"144":4,"145":4,"146":4,"147":4,"148":4,"149":4,"150":4,"151":4,"152":4,"153":4,"154":1,"155":1,"156":3,"157":3,"158":3,"159":3,"160":3,"161":3,"162":3,"163":3,"164":3,"165":3,"166":3,"167":3,"168":1,"169":1,"170":1,"171":1,"172":1,"173":1,"174":1,"175":1,"176":1,"177":1,"178":1,"179":1,"180":1,"181":1,"182":1,"183":1,"184":1,"185":1,"186":1,"187":1,"188":1,"189":1,"190":1,"191":1,"192":1,"193":1,"194":1,"195":1,"196":0,"197":0,"198":0,"199":1,"200":2,"201":2,"202":2,"203":2,"204":2,"205":2,"206":2,"207":2,"208":2,"209":3,"210":2,"211":3,"212":2,"213":2,"214":2,"215":3,"216":1,"217":1,"218":1,"219":1,"220":1,"221":0,"222":0,"223":0,"224":0,"225":1,"226":1,"227":1,"228":1,"229":1,"230":1,"231":1,"232":1,"233":1,"234":1,"235":1,"236":1,"237":1,"238":1,"239":1,"240":3,"241":0,"242":0,"243":0,"244":0,"245":0,"246":1,"247":1,"248":1,"249":1,"250":1,"251":1},"branchMap":{"0":{"type":"branch","line":16,"loc":{"start":{"line":16,"column":17},"end":{"line":56,"column":5}},"locations":[{"start":{"line":16,"column":17},"end":{"line":56,"column":5}}]},"1":{"type":"branch","line":20,"loc":{"start":{"line":20,"column":21},"end":{"line":42,"column":9}},"locations":[{"start":{"line":20,"column":21},"end":{"line":42,"column":9}}]},"2":{"type":"branch","line":21,"loc":{"start":{"line":21,"column":32},"end":{"line":36,"column":19}},"locations":[{"start":{"line":21,"column":32},"end":{"line":36,"column":19}}]},"3":{"type":"branch","line":24,"loc":{"start":{"line":24,"column":20},"end":{"line":26,"column":30}},"locations":[{"start":{"line":24,"column":20},"end":{"line":26,"column":30}}]},"4":{"type":"branch","line":27,"loc":{"start":{"line":27,"column":20},"end":{"line":29,"column":30}},"locations":[{"start":{"line":27,"column":20},"end":{"line":29,"column":30}}]},"5":{"type":"branch","line":30,"loc":{"start":{"line":30,"column":20},"end":{"line":32,"column":30}},"locations":[{"start":{"line":30,"column":20},"end":{"line":32,"column":30}}]},"6":{"type":"branch","line":36,"loc":{"start":{"line":36,"column":13},"end":{"line":39,"column":13}},"locations":[{"start":{"line":36,"column":13},"end":{"line":39,"column":13}}]},"7":{"type":"branch","line":41,"loc":{"start":{"line":41,"column":26},"end":{"line":41,"column":28}},"locations":[{"start":{"line":41,"column":26},"end":{"line":41,"column":28}}]},"8":{"type":"branch","line":52,"loc":{"start":{"line":52,"column":37},"end":{"line":52,"column":49}},"locations":[{"start":{"line":52,"column":37},"end":{"line":52,"column":49}}]},"9":{"type":"branch","line":58,"loc":{"start":{"line":58,"column":17},"end":{"line":72,"column":5}},"locations":[{"start":{"line":58,"column":17},"end":{"line":72,"column":5}}]},"10":{"type":"branch","line":68,"loc":{"start":{"line":68,"column":37},"end":{"line":68,"column":49}},"locations":[{"start":{"line":68,"column":37},"end":{"line":68,"column":49}}]},"11":{"type":"branch","line":74,"loc":{"start":{"line":74,"column":17},"end":{"line":88,"column":5}},"locations":[{"start":{"line":74,"column":17},"end":{"line":88,"column":5}}]},"12":{"type":"branch","line":84,"loc":{"start":{"line":84,"column":37},"end":{"line":84,"column":49}},"locations":[{"start":{"line":84,"column":37},"end":{"line":84,"column":49}}]},"13":{"type":"branch","line":90,"loc":{"start":{"line":90,"column":17},"end":{"line":104,"column":5}},"locations":[{"start":{"line":90,"column":17},"end":{"line":104,"column":5}}]},"14":{"type":"branch","line":100,"loc":{"start":{"line":100,"column":37},"end":{"line":100,"column":49}},"locations":[{"start":{"line":100,"column":37},"end":{"line":100,"column":49}}]},"15":{"type":"branch","line":106,"loc":{"start":{"line":106,"column":17},"end":{"line":122,"column":5}},"locations":[{"start":{"line":106,"column":17},"end":{"line":122,"column":5}}]},"16":{"type":"branch","line":110,"loc":{"start":{"line":110,"column":36},"end":{"line":110,"column":61}},"locations":[{"start":{"line":110,"column":36},"end":{"line":110,"column":61}}]},"17":{"type":"branch","line":110,"loc":{"start":{"line":110,"column":63},"end":{"line":110,"column":75}},"locations":[{"start":{"line":110,"column":63},"end":{"line":110,"column":75}}]},"18":{"type":"branch","line":118,"loc":{"start":{"line":118,"column":37},"end":{"line":118,"column":49}},"locations":[{"start":{"line":118,"column":37},"end":{"line":118,"column":49}}]},"19":{"type":"branch","line":124,"loc":{"start":{"line":124,"column":17},"end":{"line":138,"column":5}},"locations":[{"start":{"line":124,"column":17},"end":{"line":138,"column":5}}]},"20":{"type":"branch","line":134,"loc":{"start":{"line":134,"column":37},"end":{"line":134,"column":49}},"locations":[{"start":{"line":134,"column":37},"end":{"line":134,"column":49}}]},"21":{"type":"branch","line":140,"loc":{"start":{"line":140,"column":17},"end":{"line":154,"column":5}},"locations":[{"start":{"line":140,"column":17},"end":{"line":154,"column":5}}]},"22":{"type":"branch","line":150,"loc":{"start":{"line":150,"column":37},"end":{"line":150,"column":49}},"locations":[{"start":{"line":150,"column":37},"end":{"line":150,"column":49}}]},"23":{"type":"branch","line":156,"loc":{"start":{"line":156,"column":17},"end":{"line":250,"column":5}},"locations":[{"start":{"line":156,"column":17},"end":{"line":250,"column":5}}]},"24":{"type":"branch","line":164,"loc":{"start":{"line":164,"column":23},"end":{"line":164,"column":35}},"locations":[{"start":{"line":164,"column":23},"end":{"line":164,"column":35}}]},"25":{"type":"branch","line":168,"loc":{"start":{"line":168,"column":21},"end":{"line":200,"column":9}},"locations":[{"start":{"line":168,"column":21},"end":{"line":200,"column":9}}]},"26":{"type":"branch","line":173,"loc":{"start":{"line":173,"column":137},"end":{"line":173,"column":139}},"locations":[{"start":{"line":173,"column":137},"end":{"line":173,"column":139}}]},"27":{"type":"branch","line":197,"loc":{"start":{"line":197,"column":-2},"end":{"line":199,"column":13}},"locations":[{"start":{"line":197,"column":-2},"end":{"line":199,"column":13}}]},"28":{"type":"branch","line":201,"loc":{"start":{"line":201,"column":-2},"end":{"line":210,"column":44}},"locations":[{"start":{"line":201,"column":-2},"end":{"line":210,"column":44}}]},"29":{"type":"branch","line":210,"loc":{"start":{"line":210,"column":37},"end":{"line":210,"column":49}},"locations":[{"start":{"line":210,"column":37},"end":{"line":210,"column":49}}]},"30":{"type":"branch","line":211,"loc":{"start":{"line":211,"column":-2},"end":{"line":212,"column":39}},"locations":[{"start":{"line":211,"column":-2},"end":{"line":212,"column":39}}]},"31":{"type":"branch","line":212,"loc":{"start":{"line":212,"column":32},"end":{"line":212,"column":44}},"locations":[{"start":{"line":212,"column":32},"end":{"line":212,"column":44}}]},"32":{"type":"branch","line":213,"loc":{"start":{"line":213,"column":-2},"end":{"line":216,"column":42}},"locations":[{"start":{"line":213,"column":-2},"end":{"line":216,"column":42}}]},"33":{"type":"branch","line":216,"loc":{"start":{"line":216,"column":42},"end":{"line":241,"column":38}},"locations":[{"start":{"line":216,"column":42},"end":{"line":241,"column":38}}]},"34":{"type":"branch","line":221,"loc":{"start":{"line":221,"column":23},"end":{"line":221,"column":42}},"locations":[{"start":{"line":221,"column":23},"end":{"line":221,"column":42}}]},"35":{"type":"branch","line":221,"loc":{"start":{"line":221,"column":42},"end":{"line":221,"column":73}},"locations":[{"start":{"line":221,"column":42},"end":{"line":221,"column":73}}]},"36":{"type":"branch","line":221,"loc":{"start":{"line":221,"column":75},"end":{"line":225,"column":13}},"locations":[{"start":{"line":221,"column":75},"end":{"line":225,"column":13}}]},"37":{"type":"branch","line":241,"loc":{"start":{"line":241,"column":38},"end":{"line":246,"column":9}},"locations":[{"start":{"line":241,"column":38},"end":{"line":246,"column":9}}]},"38":{"type":"branch","line":247,"loc":{"start":{"line":247,"column":-2},"end":{"line":250,"column":5}},"locations":[{"start":{"line":247,"column":-2},"end":{"line":250,"column":5}}]}},"b":{"0":[5],"1":[4],"2":[3],"3":[1],"4":[1],"5":[1],"6":[1],"7":[0],"8":[0],"9":[31],"10":[0],"11":[1],"12":[0],"13":[1],"14":[0],"15":[2],"16":[0],"17":[0],"18":[0],"19":[1],"20":[0],"21":[4],"22":[0],"23":[3],"24":[0],"25":[1],"26":[0],"27":[0],"28":[2],"29":[0],"30":[2],"31":[0],"32":[2],"33":[1],"34":[0],"35":[0],"36":[0],"37":[0],"38":[1]},"fnMap":{"0":{"name":"getResources","decl":{"start":{"line":16,"column":17},"end":{"line":56,"column":5}},"loc":{"start":{"line":16,"column":17},"end":{"line":56,"column":5}},"line":16},"1":{"name":"getResource","decl":{"start":{"line":58,"column":17},"end":{"line":72,"column":5}},"loc":{"start":{"line":58,"column":17},"end":{"line":72,"column":5}},"line":58},"2":{"name":"getResourceReviews","decl":{"start":{"line":74,"column":17},"end":{"line":88,"column":5}},"loc":{"start":{"line":74,"column":17},"end":{"line":88,"column":5}},"line":74},"3":{"name":"getResourceUpdates","decl":{"start":{"line":90,"column":17},"end":{"line":104,"column":5}},"loc":{"start":{"line":90,"column":17},"end":{"line":104,"column":5}},"line":90},"4":{"name":"getResourceUpdate","decl":{"start":{"line":106,"column":17},"end":{"line":122,"column":5}},"loc":{"start":{"line":106,"column":17},"end":{"line":122,"column":5}},"line":106},"5":{"name":"getResourceVersions","decl":{"start":{"line":124,"column":17},"end":{"line":138,"column":5}},"loc":{"start":{"line":124,"column":17},"end":{"line":138,"column":5}},"line":124},"6":{"name":"getResourceVersion","decl":{"start":{"line":140,"column":17},"end":{"line":154,"column":5}},"loc":{"start":{"line":140,"column":17},"end":{"line":154,"column":5}},"line":140},"7":{"name":"getResourceDownload","decl":{"start":{"line":156,"column":17},"end":{"line":250,"column":5}},"loc":{"start":{"line":156,"column":17},"end":{"line":250,"column":5}},"line":156}},"f":{"0":5,"1":31,"2":1,"3":1,"4":2,"5":1,"6":4,"7":3}}
}
