TN:
SF:src\class\APIClient.ts
FN:7,APIError
FN:19,APIClient
FN:23,validateStatus
FN:26,GETGITHUBRELEASE
FN:90,req
FN:111,PrepareParams
FNF:6
FNH:6
FNDA:1,APIError
FNDA:21,APIClient
FNDA:160,validateStatus
FNDA:3,GETGITHUBRELEASE
FNDA:161,req
FNDA:16,PrepareParams
DA:1,1
DA:2,1
DA:3,1
DA:4,1
DA:5,1
DA:6,1
DA:7,1
DA:8,1
DA:9,1
DA:10,1
DA:11,1
DA:12,1
DA:13,1
DA:14,1
DA:15,1
DA:16,1
DA:17,1
DA:18,1
DA:19,21
DA:20,21
DA:21,21
DA:22,21
DA:23,21
DA:24,21
DA:25,21
DA:26,21
DA:27,3
DA:28,3
DA:29,3
DA:30,3
DA:31,3
DA:32,3
DA:33,3
DA:34,3
DA:35,3
DA:36,3
DA:37,3
DA:38,3
DA:39,3
DA:40,3
DA:41,3
DA:42,3
DA:43,3
DA:44,3
DA:45,3
DA:46,3
DA:47,3
DA:48,2
DA:49,2
DA:50,2
DA:51,2
DA:52,2
DA:53,2
DA:54,2
DA:55,2
DA:56,2
DA:57,2
DA:58,2
DA:59,2
DA:60,2
DA:61,2
DA:62,2
DA:63,2
DA:64,2
DA:65,3
DA:66,1
DA:67,1
DA:68,1
DA:69,1
DA:70,1
DA:71,1
DA:72,1
DA:73,1
DA:74,1
DA:75,1
DA:76,1
DA:77,1
DA:78,1
DA:79,1
DA:80,1
DA:81,1
DA:82,3
DA:83,0
DA:84,0
DA:85,0
DA:86,0
DA:87,0
DA:88,0
DA:89,21
DA:90,21
DA:91,161
DA:92,161
DA:93,161
DA:94,161
DA:95,160
DA:96,161
DA:97,157
DA:98,157
DA:99,157
DA:100,159
DA:101,1
DA:102,1
DA:103,1
DA:104,1
DA:105,161
DA:106,161
DA:107,161
DA:108,21
DA:109,21
DA:110,1
DA:111,16
DA:112,16
DA:113,16
DA:114,16
DA:115,11
DA:116,11
DA:117,18
DA:118,18
DA:119,2
DA:120,2
DA:121,18
DA:122,18
DA:123,11
DA:124,11
DA:125,1
DA:126,1
DA:127,1
DA:128,1
DA:129,1
DA:130,1
DA:131,1
DA:132,1
DA:133,1
DA:134,1
DA:135,1
DA:136,1
DA:137,1
DA:138,1
DA:139,11
DA:140,11
DA:141,16
DA:142,16
DA:143,16
LF:143
LH:137
BRDA:7,0,0,1
BRDA:19,1,0,21
BRDA:23,2,0,160
BRDA:26,3,0,3
BRDA:47,4,0,2
BRDA:47,5,0,2
BRDA:65,6,0,1
BRDA:82,7,0,0
BRDA:90,8,0,161
BRDA:95,9,0,160
BRDA:96,10,0,159
BRDA:96,11,0,3
BRDA:97,12,0,157
BRDA:100,13,0,1
BRDA:111,14,0,16
BRDA:114,15,0,11
BRDA:116,16,0,18
BRDA:118,17,0,2
BRDA:124,18,0,1
BRDA:134,19,0,0
BRF:20
BRH:18
end_of_record
TN:
SF:src\class\Author.ts
FN:20,Author
FN:30,getResources
FN:52,getReviews
FN:80,findByID
FN:90,findAll
FN:106,search
FN:141,Review
FN:153,get message
FNF:8
FNH:8
FNDA:72,Author
FNDA:1,getResources
FNDA:1,getReviews
FNDA:61,findByID
FNDA:1,findAll
FNDA:1,search
FNDA:11,Review
FNDA:1,get message
DA:1,1
DA:2,1
DA:3,1
DA:4,1
DA:5,1
DA:6,1
DA:7,1
DA:8,1
DA:9,1
DA:10,1
DA:11,1
DA:12,1
DA:13,1
DA:14,1
DA:15,1
DA:16,1
DA:17,1
DA:18,1
DA:19,1
DA:20,1
DA:21,72
DA:22,72
DA:23,72
DA:24,72
DA:25,72
DA:26,72
DA:27,1
DA:28,1
DA:29,1
DA:30,1
DA:31,1
DA:32,1
DA:33,1
DA:34,1
DA:35,1
DA:36,1
DA:37,1
DA:38,1
DA:39,2
DA:40,2
DA:41,2
DA:42,2
DA:43,2
DA:44,2
DA:45,2
DA:46,2
DA:47,1
DA:48,1
DA:49,1
DA:50,1
DA:51,1
DA:52,1
DA:53,1
DA:54,1
DA:55,1
DA:56,1
DA:57,1
DA:58,1
DA:59,1
DA:60,1
DA:61,10
DA:62,10
DA:63,10
DA:64,7
DA:65,7
DA:66,7
DA:67,6
DA:68,6
DA:69,10
DA:70,3
DA:71,3
DA:72,9
DA:73,9
DA:74,9
DA:75,9
DA:76,1
DA:77,1
DA:78,1
DA:79,1
DA:80,1
DA:81,61
DA:82,61
DA:83,61
DA:84,61
DA:85,60
DA:86,60
DA:87,60
DA:88,60
DA:89,1
DA:90,1
DA:91,1
DA:92,1
DA:93,1
DA:94,1
DA:95,1
DA:96,1
DA:97,1
DA:98,1
DA:99,2
DA:100,2
DA:101,1
DA:102,1
DA:103,1
DA:104,1
DA:105,1
DA:106,1
DA:107,1
DA:108,1
DA:109,1
DA:110,1
DA:111,1
DA:112,1
DA:113,1
DA:114,1
DA:115,10
DA:116,10
DA:117,1
DA:118,1
DA:119,1
DA:120,1
DA:121,1
DA:122,1
DA:123,1
DA:124,1
DA:125,1
DA:126,1
DA:127,1
DA:128,1
DA:129,1
DA:130,1
DA:131,1
DA:132,1
DA:133,1
DA:134,1
DA:135,1
DA:136,1
DA:137,1
DA:138,1
DA:139,1
DA:140,1
DA:141,1
DA:142,11
DA:143,11
DA:144,11
DA:145,11
DA:146,11
DA:147,11
DA:148,11
DA:149,11
DA:150,11
DA:151,11
DA:152,1
DA:153,1
DA:154,1
DA:155,1
DA:156,1
DA:157,1
LF:157
LH:157
BRDA:20,0,0,72
BRDA:30,1,0,1
BRDA:34,2,0,0
BRDA:38,3,0,2
BRDA:42,4,0,0
BRDA:52,5,0,1
BRDA:56,6,0,0
BRDA:60,7,0,10
BRDA:63,8,0,7
BRDA:66,9,0,1
BRDA:67,10,0,6
BRDA:69,11,0,3
BRDA:72,12,0,9
BRDA:80,13,0,61
BRDA:84,14,0,1
BRDA:85,15,0,60
BRDA:90,16,0,1
BRDA:94,17,0,0
BRDA:98,18,0,2
BRDA:106,19,0,1
BRDA:110,20,0,0
BRDA:114,21,0,10
BRDA:141,22,0,11
BRDA:153,23,0,1
BRF:24
BRH:19
end_of_record
TN:
SF:src\class\Category.ts
FN:14,Category
FN:21,getResources
FN:44,findById
FN:54,findAll
FNF:4
FNH:4
FNDA:44,Category
FNDA:1,getResources
FNDA:43,findById
FNDA:1,findAll
DA:1,1
DA:2,1
DA:3,1
DA:4,1
DA:5,1
DA:6,1
DA:7,1
DA:8,1
DA:9,1
DA:10,1
DA:11,1
DA:12,1
DA:13,1
DA:14,1
DA:15,44
DA:16,44
DA:17,44
DA:18,44
DA:19,44
DA:20,1
DA:21,1
DA:22,1
DA:23,1
DA:24,1
DA:25,1
DA:26,1
DA:27,1
DA:28,1
DA:29,1
DA:30,10
DA:31,10
DA:32,10
DA:33,10
DA:34,10
DA:35,10
DA:36,10
DA:37,10
DA:38,1
DA:39,1
DA:40,1
DA:41,1
DA:42,1
DA:43,1
DA:44,1
DA:45,43
DA:46,43
DA:47,43
DA:48,43
DA:49,42
DA:50,42
DA:51,42
DA:52,42
DA:53,1
DA:54,1
DA:55,1
DA:56,1
DA:57,1
DA:58,1
DA:59,1
DA:60,1
DA:61,1
DA:62,1
DA:63,2
DA:64,2
DA:65,2
DA:66,2
DA:67,1
DA:68,1
DA:69,1
DA:70,1
DA:71,1
DA:72,1
LF:72
LH:72
BRDA:14,0,0,44
BRDA:21,1,0,1
BRDA:25,2,0,0
BRDA:29,3,0,10
BRDA:33,4,0,0
BRDA:44,5,0,43
BRDA:48,6,0,1
BRDA:49,7,0,42
BRDA:54,8,0,1
BRDA:58,9,0,0
BRDA:62,10,0,2
BRF:11
BRH:8
end_of_record
TN:
SF:src\class\Resource.ts
FN:47,Resource
FN:79,getDownloadUrl
FN:85,getReviews
FN:107,getUpdates
FN:125,getUpdate
FN:135,getVersions
FN:152,getVersion
FN:162,get description
FN:166,get links
FN:176,search
FN:197,findByID
FN:212,findAll
FN:273,ResourceReview
FN:284,get message
FN:303,ResourceUpdate
FN:314,get description
FN:331,ResourceVersion
FN:344,getDownloadURL
FNF:18
FNH:18
FNDA:49,Resource
FNDA:2,getDownloadUrl
FNDA:1,getReviews
FNDA:1,getUpdates
FNDA:2,getUpdate
FNDA:1,getVersions
FNDA:2,getVersion
FNDA:1,get description
FNDA:1,get links
FNDA:1,search
FNDA:28,findByID
FNDA:5,findAll
FNDA:11,ResourceReview
FNDA:1,get message
FNDA:12,ResourceUpdate
FNDA:1,get description
FNDA:12,ResourceVersion
FNDA:1,getDownloadURL
DA:1,1
DA:2,1
DA:3,1
DA:4,1
DA:5,1
DA:6,1
DA:7,1
DA:8,1
DA:9,1
DA:10,1
DA:11,1
DA:12,1
DA:13,1
DA:14,1
DA:15,1
DA:16,1
DA:17,1
DA:18,1
DA:19,1
DA:20,1
DA:21,1
DA:22,1
DA:23,1
DA:24,1
DA:25,1
DA:26,1
DA:27,1
DA:28,1
DA:29,1
DA:30,1
DA:31,1
DA:32,1
DA:33,1
DA:34,1
DA:35,1
DA:36,1
DA:37,1
DA:38,1
DA:39,1
DA:40,1
DA:41,1
DA:42,1
DA:43,1
DA:44,1
DA:45,1
DA:46,1
DA:47,1
DA:48,49
DA:49,49
DA:50,49
DA:51,49
DA:52,49
DA:53,49
DA:54,49
DA:55,49
DA:56,49
DA:57,49
DA:58,49
DA:59,49
DA:60,49
DA:61,49
DA:62,49
DA:63,49
DA:64,49
DA:65,49
DA:66,49
DA:67,49
DA:68,49
DA:69,49
DA:70,49
DA:71,49
DA:72,49
DA:73,49
DA:74,49
DA:75,49
DA:76,49
DA:77,49
DA:78,1
DA:79,1
DA:80,2
DA:81,2
DA:82,2
DA:83,2
DA:84,1
DA:85,1
DA:86,1
DA:87,1
DA:88,1
DA:89,1
DA:90,1
DA:91,1
DA:92,1
DA:93,1
DA:94,10
DA:95,10
DA:96,10
DA:97,10
DA:98,10
DA:99,10
DA:100,10
DA:101,10
DA:102,1
DA:103,1
DA:104,1
DA:105,1
DA:106,1
DA:107,1
DA:108,1
DA:109,1
DA:110,1
DA:111,1
DA:112,1
DA:113,1
DA:114,1
DA:115,1
DA:116,10
DA:117,10
DA:118,10
DA:119,10
DA:120,1
DA:121,1
DA:122,1
DA:123,1
DA:124,1
DA:125,1
DA:126,2
DA:127,2
DA:128,2
DA:129,2
DA:130,1
DA:131,1
DA:132,1
DA:133,1
DA:134,1
DA:135,1
DA:136,1
DA:137,1
DA:138,1
DA:139,1
DA:140,1
DA:141,1
DA:142,1
DA:143,10
DA:144,10
DA:145,10
DA:146,10
DA:147,1
DA:148,1
DA:149,1
DA:150,1
DA:151,1
DA:152,1
DA:153,2
DA:154,2
DA:155,2
DA:156,2
DA:157,2
DA:158,2
DA:159,2
DA:160,2
DA:161,1
DA:162,1
DA:163,1
DA:164,1
DA:165,1
DA:166,1
DA:167,1
DA:168,1
DA:169,1
DA:170,12
DA:171,12
DA:172,1
DA:173,1
DA:174,1
DA:175,1
DA:176,1
DA:177,1
DA:178,1
DA:179,1
DA:180,1
DA:181,1
DA:182,1
DA:183,1
DA:184,1
DA:185,10
DA:186,10
DA:187,10
DA:188,10
DA:189,10
DA:190,10
DA:191,10
DA:192,10
DA:193,1
DA:194,1
DA:195,1
DA:196,1
DA:197,1
DA:198,28
DA:199,28
DA:200,28
DA:201,28
DA:202,27
DA:203,27
DA:204,27
DA:205,27
DA:206,28
DA:207,27
DA:208,27
DA:209,27
DA:210,27
DA:211,1
DA:212,1
DA:213,5
DA:214,5
DA:215,5
DA:216,5
DA:217,5
DA:218,5
DA:219,5
DA:220,5
DA:221,1
DA:222,1
DA:223,1
DA:224,2
DA:225,2
DA:226,2
DA:227,2
DA:228,2
DA:229,1
DA:230,1
DA:231,5
DA:232,4
DA:233,4
DA:234,4
DA:235,4
DA:236,4
DA:237,4
DA:238,5
DA:239,8
DA:240,8
DA:241,8
DA:242,8
DA:243,8
DA:244,8
DA:245,8
DA:246,4
DA:247,4
DA:248,4
DA:249,4
DA:250,1
DA:251,1
DA:252,1
DA:253,1
DA:254,1
DA:255,1
DA:256,1
DA:257,1
DA:258,1
DA:259,1
DA:260,1
DA:261,1
DA:262,1
DA:263,1
DA:264,1
DA:265,1
DA:266,1
DA:267,1
DA:268,1
DA:269,1
DA:270,1
DA:271,1
DA:272,1
DA:273,1
DA:274,11
DA:275,11
DA:276,11
DA:277,11
DA:278,11
DA:279,11
DA:280,11
DA:281,11
DA:282,11
DA:283,1
DA:284,1
DA:285,1
DA:286,1
DA:287,1
DA:288,1
DA:289,1
DA:290,1
DA:291,1
DA:292,1
DA:293,1
DA:294,1
DA:295,1
DA:296,1
DA:297,1
DA:298,1
DA:299,1
DA:300,1
DA:301,1
DA:302,1
DA:303,1
DA:304,12
DA:305,12
DA:306,12
DA:307,12
DA:308,12
DA:309,12
DA:310,12
DA:311,12
DA:312,12
DA:313,1
DA:314,1
DA:315,1
DA:316,1
DA:317,1
DA:318,1
DA:319,1
DA:320,1
DA:321,1
DA:322,1
DA:323,1
DA:324,1
DA:325,1
DA:326,1
DA:327,1
DA:328,1
DA:329,1
DA:330,1
DA:331,1
DA:332,12
DA:333,12
DA:334,12
DA:335,12
DA:336,12
DA:337,12
DA:338,12
DA:339,12
DA:340,12
DA:341,12
DA:342,12
DA:343,1
DA:344,1
DA:345,1
DA:346,1
DA:347,1
DA:348,1
DA:349,1
DA:350,1
LF:350
LH:350
BRDA:47,0,0,49
BRDA:79,1,0,2
BRDA:85,2,0,1
BRDA:89,3,0,0
BRDA:93,4,0,10
BRDA:97,5,0,0
BRDA:107,6,0,1
BRDA:111,7,0,0
BRDA:115,8,0,10
BRDA:125,9,0,2
BRDA:129,10,0,1
BRDA:135,11,0,1
BRDA:138,12,0,0
BRDA:142,13,0,10
BRDA:152,14,0,2
BRDA:156,15,0,0
BRDA:162,16,0,1
BRDA:166,17,0,1
BRDA:169,18,0,12
BRDA:176,19,0,1
BRDA:180,20,0,0
BRDA:184,21,0,10
BRDA:189,22,0,0
BRDA:197,23,0,28
BRDA:201,24,0,1
BRDA:202,25,0,27
BRDA:206,26,0,0
BRDA:207,27,0,27
BRDA:212,28,0,5
BRDA:216,29,0,0
BRDA:220,30,0,1
BRDA:223,31,0,2
BRDA:225,32,0,0
BRDA:231,33,0,4
BRDA:238,34,0,8
BRDA:242,35,0,0
BRDA:246,36,0,4
BRDA:273,37,0,11
BRDA:284,38,0,1
BRDA:303,39,0,12
BRDA:314,40,0,1
BRDA:331,41,0,12
BRDA:344,42,0,1
BRF:43
BRH:32
end_of_record
TN:
SF:src\class\SpigetAPI.ts
FN:14,SpigetAPI
FN:21,getAuthorByID
FN:27,getAuthors
FN:33,getCategoryByID
FN:39,getCategories
FN:45,getResources
FN:49,getResource
FNF:7
FNH:7
FNDA:4,SpigetAPI
FNDA:4,getAuthorByID
FNDA:1,getAuthors
FNDA:4,getCategoryByID
FNDA:1,getCategories
FNDA:5,getResources
FNDA:11,getResource
DA:1,1
DA:2,1
DA:3,1
DA:4,1
DA:5,1
DA:6,1
DA:7,1
DA:8,1
DA:9,1
DA:10,1
DA:11,1
DA:12,1
DA:13,1
DA:14,1
DA:15,4
DA:16,4
DA:17,4
DA:18,4
DA:19,4
DA:20,1
DA:21,1
DA:22,4
DA:23,4
DA:24,4
DA:25,4
DA:26,1
DA:27,1
DA:28,1
DA:29,1
DA:30,1
DA:31,1
DA:32,1
DA:33,1
DA:34,4
DA:35,4
DA:36,4
DA:37,4
DA:38,1
DA:39,1
DA:40,1
DA:41,1
DA:42,1
DA:43,1
DA:44,1
DA:45,1
DA:46,5
DA:47,5
DA:48,1
DA:49,1
DA:50,11
DA:51,11
DA:52,1
DA:53,1
LF:53
LH:53
BRDA:14,0,0,4
BRDA:21,1,0,4
BRDA:27,2,0,1
BRDA:33,3,0,4
BRDA:39,4,0,1
BRDA:45,5,0,5
BRDA:49,6,0,11
BRF:7
BRH:7
end_of_record
TN:
SF:src\class\api\Author.ts
FN:16,getAuthors
FN:32,searchAuthors
FN:48,getAuthor
FN:62,getAuthorResources
FN:78,getAuthorReviews
FNF:5
FNH:5
FNDA:1,getAuthors
FNDA:1,searchAuthors
FNDA:61,getAuthor
FNDA:1,getAuthorResources
FNDA:1,getAuthorReviews
DA:1,1
DA:2,1
DA:3,1
DA:4,1
DA:5,1
DA:6,1
DA:7,1
DA:8,1
DA:9,1
DA:10,1
DA:11,1
DA:12,1
DA:13,1
DA:14,1
DA:15,1
DA:16,1
DA:17,1
DA:18,1
DA:19,1
DA:20,1
DA:21,1
DA:22,1
DA:23,1
DA:24,1
DA:25,1
DA:26,1
DA:27,1
DA:28,1
DA:29,1
DA:30,1
DA:31,1
DA:32,1
DA:33,1
DA:34,1
DA:35,1
DA:36,1
DA:37,1
DA:38,1
DA:39,1
DA:40,1
DA:41,1
DA:42,1
DA:43,1
DA:44,1
DA:45,1
DA:46,1
DA:47,1
DA:48,1
DA:49,61
DA:50,61
DA:51,61
DA:52,61
DA:53,61
DA:54,61
DA:55,61
DA:56,61
DA:57,61
DA:58,61
DA:59,61
DA:60,61
DA:61,1
DA:62,1
DA:63,1
DA:64,1
DA:65,1
DA:66,1
DA:67,1
DA:68,1
DA:69,1
DA:70,1
DA:71,1
DA:72,1
DA:73,1
DA:74,1
DA:75,1
DA:76,1
DA:77,1
DA:78,1
DA:79,1
DA:80,1
DA:81,1
DA:82,1
DA:83,1
DA:84,1
DA:85,1
DA:86,1
DA:87,1
DA:88,1
DA:89,1
DA:90,1
DA:91,1
DA:92,1
DA:93,1
DA:94,1
LF:94
LH:94
BRDA:16,0,0,1
BRDA:26,1,0,0
BRDA:32,2,0,1
BRDA:42,3,0,0
BRDA:48,4,0,61
BRDA:56,5,0,0
BRDA:62,6,0,1
BRDA:72,7,0,0
BRDA:78,8,0,1
BRDA:88,9,0,0
BRF:10
BRH:5
end_of_record
TN:
SF:src\class\api\Category.ts
FN:14,getCategories
FN:29,getCategory
FN:44,getCategoryResources
FNF:3
FNH:3
FNDA:1,getCategories
FNDA:43,getCategory
FNDA:1,getCategoryResources
DA:1,1
DA:2,1
DA:3,1
DA:4,1
DA:5,1
DA:6,1
DA:7,1
DA:8,1
DA:9,1
DA:10,1
DA:11,1
DA:12,1
DA:13,1
DA:14,1
DA:15,1
DA:16,1
DA:17,1
DA:18,1
DA:19,1
DA:20,1
DA:21,1
DA:22,1
DA:23,1
DA:24,1
DA:25,1
DA:26,1
DA:27,1
DA:28,1
DA:29,1
DA:30,43
DA:31,43
DA:32,43
DA:33,43
DA:34,43
DA:35,43
DA:36,43
DA:37,43
DA:38,43
DA:39,43
DA:40,43
DA:41,43
DA:42,43
DA:43,1
DA:44,1
DA:45,1
DA:46,1
DA:47,1
DA:48,1
DA:49,1
DA:50,1
DA:51,1
DA:52,1
DA:53,1
DA:54,1
DA:55,1
DA:56,1
DA:57,1
DA:58,1
DA:59,1
LF:59
LH:59
BRDA:14,0,0,1
BRDA:23,1,0,0
BRDA:29,2,0,43
BRDA:38,3,0,0
BRDA:44,4,0,1
BRDA:53,5,0,0
BRF:6
BRH:3
end_of_record
TN:
SF:src\class\api\Resource.ts
FN:16,getResources
FN:53,getResource
FN:69,getResourceReviews
FN:85,getResourceUpdates
FN:101,getResourceUpdate
FN:119,getResourceVersions
FN:135,getResourceVersion
FN:151,getResourceDownload
FN:247,searchResources
FNF:9
FNH:9
FNDA:5,getResources
FNDA:31,getResource
FNDA:1,getResourceReviews
FNDA:1,getResourceUpdates
FNDA:2,getResourceUpdate
FNDA:1,getResourceVersions
FNDA:4,getResourceVersion
FNDA:3,getResourceDownload
FNDA:1,searchResources
DA:1,1
DA:2,1
DA:3,1
DA:4,1
DA:5,1
DA:6,1
DA:7,1
DA:8,1
DA:9,1
DA:10,1
DA:11,1
DA:12,1
DA:13,1
DA:14,1
DA:15,1
DA:16,1
DA:17,5
DA:18,5
DA:19,5
DA:20,5
DA:21,3
DA:22,3
DA:23,3
DA:24,1
DA:25,1
DA:26,3
DA:27,1
DA:28,1
DA:29,3
DA:30,1
DA:31,1
DA:32,3
DA:33,3
DA:34,3
DA:35,5
DA:36,1
DA:37,1
DA:38,5
DA:39,5
DA:40,5
DA:41,5
DA:42,5
DA:43,5
DA:44,5
DA:45,5
DA:46,5
DA:47,5
DA:48,5
DA:49,5
DA:50,5
DA:51,5
DA:52,1
DA:53,1
DA:54,31
DA:55,31
DA:56,31
DA:57,31
DA:58,31
DA:59,31
DA:60,31
DA:61,31
DA:62,31
DA:63,31
DA:64,31
DA:65,31
DA:66,31
DA:67,31
DA:68,1
DA:69,1
DA:70,1
DA:71,1
DA:72,1
DA:73,1
DA:74,1
DA:75,1
DA:76,1
DA:77,1
DA:78,1
DA:79,1
DA:80,1
DA:81,1
DA:82,1
DA:83,1
DA:84,1
DA:85,1
DA:86,1
DA:87,1
DA:88,1
DA:89,1
DA:90,1
DA:91,1
DA:92,1
DA:93,1
DA:94,1
DA:95,1
DA:96,1
DA:97,1
DA:98,1
DA:99,1
DA:100,1
DA:101,1
DA:102,2
DA:103,2
DA:104,2
DA:105,2
DA:106,2
DA:107,2
DA:108,2
DA:109,2
DA:110,2
DA:111,2
DA:112,2
DA:113,2
DA:114,2
DA:115,2
DA:116,2
DA:117,2
DA:118,1
DA:119,1
DA:120,1
DA:121,1
DA:122,1
DA:123,1
DA:124,1
DA:125,1
DA:126,1
DA:127,1
DA:128,1
DA:129,1
DA:130,1
DA:131,1
DA:132,1
DA:133,1
DA:134,1
DA:135,1
DA:136,4
DA:137,4
DA:138,4
DA:139,4
DA:140,4
DA:141,4
DA:142,4
DA:143,4
DA:144,4
DA:145,4
DA:146,4
DA:147,4
DA:148,4
DA:149,4
DA:150,1
DA:151,1
DA:152,3
DA:153,3
DA:154,3
DA:155,3
DA:156,3
DA:157,3
DA:158,3
DA:159,3
DA:160,3
DA:161,3
DA:162,3
DA:163,3
DA:164,1
DA:165,1
DA:166,1
DA:167,1
DA:168,1
DA:169,1
DA:170,1
DA:171,1
DA:172,1
DA:173,1
DA:174,1
DA:175,1
DA:176,1
DA:177,1
DA:178,1
DA:179,1
DA:180,1
DA:181,1
DA:182,1
DA:183,1
DA:184,1
DA:185,1
DA:186,1
DA:187,1
DA:188,1
DA:189,1
DA:190,1
DA:191,1
DA:192,0
DA:193,0
DA:194,0
DA:195,1
DA:196,2
DA:197,2
DA:198,2
DA:199,2
DA:200,2
DA:201,2
DA:202,2
DA:203,2
DA:204,2
DA:205,3
DA:206,2
DA:207,3
DA:208,2
DA:209,2
DA:210,2
DA:211,3
DA:212,1
DA:213,1
DA:214,1
DA:215,1
DA:216,1
DA:217,0
DA:218,0
DA:219,0
DA:220,0
DA:221,1
DA:222,1
DA:223,1
DA:224,1
DA:225,1
DA:226,1
DA:227,1
DA:228,1
DA:229,1
DA:230,1
DA:231,1
DA:232,1
DA:233,1
DA:234,1
DA:235,1
DA:236,3
DA:237,0
DA:238,0
DA:239,0
DA:240,0
DA:241,0
DA:242,1
DA:243,1
DA:244,1
DA:245,1
DA:246,1
DA:247,1
DA:248,1
DA:249,1
DA:250,1
DA:251,1
DA:252,1
DA:253,1
DA:254,1
DA:255,1
DA:256,1
DA:257,1
DA:258,1
DA:259,1
DA:260,1
DA:261,1
DA:262,1
DA:263,1
LF:263
LH:251
BRDA:16,0,0,5
BRDA:20,1,0,3
BRDA:23,2,0,1
BRDA:26,3,0,1
BRDA:29,4,0,1
BRDA:35,5,0,2
BRDA:35,6,0,1
BRDA:47,7,0,0
BRDA:53,8,0,31
BRDA:63,9,0,0
BRDA:69,10,0,1
BRDA:79,11,0,0
BRDA:85,12,0,1
BRDA:95,13,0,0
BRDA:101,14,0,2
BRDA:105,15,0,0
BRDA:105,16,0,0
BRDA:113,17,0,0
BRDA:119,18,0,1
BRDA:129,19,0,0
BRDA:135,20,0,4
BRDA:145,21,0,0
BRDA:151,22,0,3
BRDA:159,23,0,0
BRDA:163,24,0,1
BRDA:168,25,0,0
BRDA:192,26,0,0
BRDA:196,27,0,2
BRDA:205,28,0,0
BRDA:206,29,0,2
BRDA:207,30,0,0
BRDA:208,31,0,2
BRDA:211,32,0,1
BRDA:216,33,0,0
BRDA:216,34,0,0
BRDA:216,35,0,0
BRDA:236,36,0,0
BRDA:242,37,0,1
BRDA:247,38,0,1
BRDA:257,39,0,0
BRF:40
BRH:21
end_of_record
